0001_0009_0009_0065_0065.jpg 1 9 9 65 65
0002_0008_0023_0056_0056.jpg 1 8 23 56 56
0003_0015_0009_0061_0061.jpg 1 15 9 61 61
0004_0011_0005_0064_0064.jpg 1 11 5 64 64
0005_0011_0022_0060_0060.jpg 1 11 22 60 60
0006_0025_0004_0059_0059.jpg 1 25 4 59 59
0007_0011_0022_0067_0067.jpg 1 11 22 67 67
0008_0033_0029_0052_0052.jpg 1 33 29 52 52
0009_0020_0015_0067_0067.jpg 1 20 15 67 67
0010_0024_0019_0066_0066.jpg 1 24 19 66 66
0011_0013_0022_0062_0062.jpg 1 13 22 62 62
0012_0010_0021_0062_0062.jpg 1 10 21 62 62
0013_0028_0025_0048_0048.jpg 1 28 25 48 48
0014_0020_0007_0051_0051.jpg 1 20 7 51 51
0015_0031_0009_0056_0056.jpg 1 31 9 56 56
0016_0023_0028_0051_0051.jpg 1 23 28 51 51
0017_0017_0005_0069_0069.jpg 1 17 5 69 69
0018_0009_0017_0064_0064.jpg 1 9 17 64 64
0019_0022_0031_0051_0051.jpg 1 22 31 51 51
0020_0024_0012_0069_0069.jpg 1 24 12 69 69
0021_0006_0025_0067_0067.jpg 1 6 25 67 67
0022_0026_0007_0052_0052.jpg 1 26 7 52 52
0023_0010_0013_0058_0058.jpg 1 10 13 58 58
0024_0012_0025_0068_0068.jpg 1 12 25 68 68
0025_0009_0024_0067_0067.jpg 1 9 24 67 67
0026_0009_0013_0067_0067.jpg 1 9 13 67 67
0027_0007_0007_0049_0049.jpg 1 7 7 49 49
0028_0012_0009_0067_0067.jpg 1 12 9 67 67
0029_0015_0026_0066_0066.jpg 1 15 26 66 66
0030_0014_0007_0060_0060.jpg 1 14 7 60 60
0031_0024_0012_0068_0068.jpg 1 24 12 68 68
0032_0014_0021_0064_0064.jpg 1 14 21 64 64
0033_0017_0003_0067_0067.jpg 1 17 3 67 67
0034_0028_0031_0060_0060.jpg 1 28 31 60 60
0035_0032_0031_0055_0055.jpg 1 32 31 55 55
0036_0015_0013_0067_0067.jpg 1 15 13 67 67
0037_0011_0012_0064_0064.jpg 1 11 12 64 64
0038_0019_0017_0067_0067.jpg 1 19 17 67 67
0039_0019_0018_0061_0061.jpg 1 19 18 61 61
0040_0006_0010_0050_0050.jpg 1 6 10 50 50
0041_0029_0011_0060_0060.jpg 1 29 11 60 60
0042_0007_0007_0063_0063.jpg 1 7 7 63 63
0043_0010_0006_0052_0052.jpg 1 10 6 52 52
0044_0018_0004_0063_0063.jpg 1 18 4 63 63
0045_0007_0022_0060_0060.jpg 1 7 22 60 60
0046_0007_0031_0057_0057.jpg 1 7 31 57 57
0047_0013_0018_0069_0069.jpg 1 13 18 69 69
0048_0033_0018_0051_0051.jpg 1 33 18 51 51
0049_0035_0040_0048_0048.jpg 1 35 40 48 48
0050_0025_0027_0062_0062.jpg 1 25 27 62 62
0051_0007_0027_0048_0048.jpg 1 7 27 48 48
0052_0031_0006_0054_0054.jpg 1 31 6 54 54
0053_0006_0013_0054_0054.jpg 1 6 13 54 54
0054_0012_0019_0059_0059.jpg 1 12 19 59 59
0055_0027_0011_0063_0063.jpg 1 27 11 63 63
0056_0018_0011_0055_0055.jpg 1 18 11 55 55
0057_0021_0014_0063_0063.jpg 1 21 14 63 63
0058_0016_0029_0050_0050.jpg 1 16 29 50 50
0059_0017_0035_0051_0051.jpg 1 17 35 51 51
0060_0028_0011_0058_0058.jpg 1 28 11 58 58
0061_0023_0014_0068_0068.jpg 1 23 14 68 68
0062_0005_0033_0048_0048.jpg 1 5 33 48 48
0063_0027_0013_0052_0052.jpg 1 27 13 52 52
0064_0016_0020_0058_0058.jpg 1 16 20 58 58
0065_0015_0030_0060_0060.jpg 1 15 30 60 60
0066_0027_0008_0065_0065.jpg 1 27 8 65 65
0067_0016_0007_0061_0061.jpg 1 16 7 61 61
0068_0010_0020_0049_0049.jpg 1 10 20 49 49
0069_0015_0033_0048_0048.jpg 1 15 33 48 48
0070_0034_0020_0051_0051.jpg 1 34 20 51 51
0071_0018_0028_0060_0060.jpg 1 18 28 60 60
0072_0023_0022_0068_0068.jpg 1 23 22 68 68
0073_0011_0022_0059_0059.jpg 1 11 22 59 59
0074_0014_0006_0065_0065.jpg 1 14 6 65 65
0075_0019_0011_0066_0066.jpg 1 19 11 66 66
0076_0009_0016_0069_0069.jpg 1 9 16 69 69
0077_0006_0019_0066_0066.jpg 1 6 19 66 66
0078_0033_0007_0056_0056.jpg 1 33 7 56 56
0079_0004_0023_0068_0068.jpg 1 4 23 68 68
0080_0036_0009_0053_0053.jpg 1 36 9 53 53
0081_0009_0036_0053_0053.jpg 1 9 36 53 53
0082_0009_0021_0067_0067.jpg 1 9 21 67 67
0083_0009_0014_0053_0053.jpg 1 9 14 53 53
0084_0024_0025_0067_0067.jpg 1 24 25 67 67
0085_0031_0006_0058_0058.jpg 1 31 6 58 58
0086_0005_0019_0061_0061.jpg 1 5 19 61 61
0087_0034_0028_0053_0053.jpg 1 34 28 53 53
0088_0012_0024_0050_0050.jpg 1 12 24 50 50
0089_0028_0022_0059_0059.jpg 1 28 22 59 59
0090_0014_0019_0065_0065.jpg 1 14 19 65 65
0091_0018_0022_0058_0058.jpg 1 18 22 58 58
0092_0017_0008_0058_0058.jpg 1 17 8 58 58
0093_0021_0018_0065_0065.jpg 1 21 18 65 65
0094_0023_0014_0062_0062.jpg 1 23 14 62 62
0095_0029_0012_0063_0063.jpg 1 29 12 63 63
0096_0009_0010_0062_0062.jpg 1 9 10 62 62
0097_0021_0018_0066_0066.jpg 1 21 18 66 66
0098_0009_0015_0069_0069.jpg 1 9 15 69 69
0099_0014_0030_0055_0055.jpg 1 14 30 55 55
0100_0014_0020_0057_0057.jpg 1 14 20 57 57
0101_0014_0027_0061_0061.jpg 1 14 27 61 61
0102_0020_0034_0050_0050.jpg 1 20 34 50 50
0103_0015_0006_0051_0051.jpg 1 15 6 51 51
0104_0009_0012_0061_0061.jpg 1 9 12 61 61
0105_0013_0016_0069_0069.jpg 1 13 16 69 69
0106_0018_0027_0062_0062.jpg 1 18 27 62 62
0107_0011_0023_0064_0064.jpg 1 11 23 64 64
0108_0009_0035_0049_0049.jpg 1 9 35 49 49
0109_0021_0010_0065_0065.jpg 1 21 10 65 65
0110_0023_0033_0053_0053.jpg 1 23 33 53 53
0111_0040_0024_0048_0048.jpg 1 40 24 48 48
0112_0014_0029_0060_0060.jpg 1 14 29 60 60
0113_0034_0010_0056_0056.jpg 1 34 10 56 56
0114_0007_0011_0065_0065.jpg 1 7 11 65 65
0115_0025_0032_0056_0056.jpg 1 25 32 56 56
0116_0019_0011_0065_0065.jpg 1 19 11 65 65
0117_0009_0022_0049_0049.jpg 1 9 22 49 49
0118_0022_0023_0056_0056.jpg 1 22 23 56 56
0119_0008_0019_0064_0064.jpg 1 8 19 64 64
0120_0007_0017_0064_0064.jpg 1 7 17 64 64
0121_0012_0015_0061_0061.jpg 1 12 15 61 61
0122_0005_0022_0065_0065.jpg 1 5 22 65 65
0123_0024_0017_0064_0064.jpg 1 24 17 64 64
0124_0018_0007_0053_0053.jpg 1 18 7 53 53
0125_0018_0004_0059_0059.jpg 1 18 4 59 59
0126_0024_0037_0050_0050.jpg 1 24 37 50 50
0127_0020_0028_0055_0055.jpg 1 20 28 55 55
0128_0011_0025_0058_0058.jpg 1 11 25 58 58
0129_0034_0035_0054_0054.jpg 1 34 35 54 54
0130_0029_0006_0055_0055.jpg 1 29 6 55 55
0131_0012_0012_0067_0067.jpg 1 12 12 67 67
0132_0023_0018_0057_0057.jpg 1 23 18 57 57
0133_0033_0036_0054_0054.jpg 1 33 36 54 54
0134_0028_0015_0058_0058.jpg 1 28 15 58 58
0135_0039_0032_0049_0049.jpg 1 39 32 49 49
0136_0035_0029_0052_0052.jpg 1 35 29 52 52
0137_0035_0013_0052_0052.jpg 1 35 13 52 52
0138_0023_0016_0052_0052.jpg 1 23 16 52 52
0139_0032_0023_0058_0058.jpg 1 32 23 58 58
0140_0006_0035_0049_0049.jpg 1 6 35 49 49
0141_0018_0012_0058_0058.jpg 1 18 12 58 58
0142_0029_0004_0063_0063.jpg 1 29 4 63 63
0143_0034_0018_0051_0051.jpg 1 34 18 51 51
0144_0023_0010_0054_0054.jpg 1 23 10 54 54
0145_0017_0024_0058_0058.jpg 1 17 24 58 58
0146_0015_0006_0069_0069.jpg 1 15 6 69 69
0147_0019_0021_0068_0068.jpg 1 19 21 68 68
0148_0018_0008_0060_0060.jpg 1 18 8 60 60
0149_0026_0030_0056_0056.jpg 1 26 30 56 56
0150_0012_0016_0053_0053.jpg 1 12 16 53 53
0151_0037_0032_0053_0053.jpg 1 37 32 53 53
0152_0005_0005_0062_0062.jpg 1 5 5 62 62
0153_0027_0010_0057_0057.jpg 1 27 10 57 57
0154_0020_0008_0067_0067.jpg 1 20 8 67 67
0155_0029_0022_0062_0062.jpg 1 29 22 62 62
0156_0013_0016_0064_0064.jpg 1 13 16 64 64
0157_0008_0009_0064_0064.jpg 1 8 9 64 64
0158_0014_0004_0067_0067.jpg 1 14 4 67 67
0159_0032_0034_0056_0056.jpg 1 32 34 56 56
0160_0017_0017_0055_0055.jpg 1 17 17 55 55
0161_0010_0017_0049_0049.jpg 1 10 17 49 49
0162_0010_0024_0049_0049.jpg 1 10 24 49 49
0163_0025_0015_0064_0064.jpg 1 25 15 64 64
0164_0006_0006_0062_0062.jpg 1 6 6 62 62
0165_0006_0029_0060_0060.jpg 1 6 29 60 60
0166_0031_0010_0053_0053.jpg 1 31 10 53 53
0167_0020_0037_0049_0049.jpg 1 20 37 49 49
0168_0011_0020_0050_0050.jpg 1 11 20 50 50
0169_0029_0025_0048_0048.jpg 1 29 25 48 48
0170_0008_0003_0063_0063.jpg 1 8 3 63 63
0171_0016_0007_0062_0062.jpg 1 16 7 62 62
0172_0027_0022_0053_0053.jpg 1 27 22 53 53
0173_0004_0006_0064_0064.jpg 1 4 6 64 64
0174_0025_0030_0051_0051.jpg 1 25 30 51 51
0175_0008_0018_0069_0069.jpg 1 8 18 69 69
0176_0011_0010_0052_0052.jpg 1 11 10 52 52
0177_0035_0017_0052_0052.jpg 1 35 17 52 52
0178_0034_0030_0054_0054.jpg 1 34 30 54 54
0179_0010_0021_0060_0060.jpg 1 10 21 60 60
0180_0005_0038_0049_0049.jpg 1 5 38 49 49
0181_0031_0015_0055_0055.jpg 1 31 15 55 55
0182_0008_0013_0069_0069.jpg 1 8 13 69 69
0183_0017_0019_0048_0048.jpg 1 17 19 48 48
0184_0010_0007_0056_0056.jpg 1 10 7 56 56
0185_0010_0020_0061_0061.jpg 1 10 20 61 61
0186_0008_0010_0055_0055.jpg 1 8 10 55 55
0187_0017_0025_0061_0061.jpg 1 17 25 61 61
0188_0007_0019_0065_0065.jpg 1 7 19 65 65
0189_0012_0026_0053_0053.jpg 1 12 26 53 53
0190_0012_0037_0051_0051.jpg 1 12 37 51 51
0191_0022_0026_0064_0064.jpg 1 22 26 64 64
0192_0019_0010_0054_0054.jpg 1 19 10 54 54
0193_0011_0006_0068_0068.jpg 1 11 6 68 68
0194_0017_0013_0069_0069.jpg 1 17 13 69 69
0195_0008_0017_0050_0050.jpg 1 8 17 50 50
0196_0023_0022_0067_0067.jpg 1 23 22 67 67
0197_0009_0011_0055_0055.jpg 1 9 11 55 55
0198_0027_0030_0059_0059.jpg 1 27 30 59 59
0199_0028_0021_0059_0059.jpg 1 28 21 59 59
0200_0006_0009_0064_0064.jpg 1 6 9 64 64
0201_0031_0011_0060_0060.jpg 1 31 11 60 60
0202_0013_0024_0058_0058.jpg 1 13 24 58 58
0203_0008_0018_0069_0069.jpg 1 8 18 69 69
0204_0013_0010_0062_0062.jpg 1 13 10 62 62
0205_0011_0024_0057_0057.jpg 1 11 24 57 57
0206_0012_0006_0068_0068.jpg 1 12 6 68 68
0207_0023_0010_0064_0064.jpg 1 23 10 64 64
0208_0005_0024_0066_0066.jpg 1 5 24 66 66
0209_0013_0021_0069_0069.jpg 1 13 21 69 69
0210_0016_0021_0050_0050.jpg 1 16 21 50 50
0211_0024_0006_0049_0049.jpg 1 24 6 49 49
0212_0019_0025_0064_0064.jpg 1 19 25 64 64
0213_0017_0012_0048_0048.jpg 1 17 12 48 48
0214_0024_0008_0068_0068.jpg 1 24 8 68 68
0215_0027_0029_0057_0057.jpg 1 27 29 57 57
0216_0015_0023_0058_0058.jpg 1 15 23 58 58
0217_0029_0032_0058_0058.jpg 1 29 32 58 58
0218_0025_0008_0063_0063.jpg 1 25 8 63 63
0219_0031_0031_0053_0053.jpg 1 31 31 53 53
0220_0015_0029_0056_0056.jpg 1 15 29 56 56
0221_0031_0012_0053_0053.jpg 1 31 12 53 53
0222_0032_0005_0059_0059.jpg 1 32 5 59 59
0223_0006_0016_0049_0049.jpg 1 6 16 49 49
0224_0025_0023_0062_0062.jpg 1 25 23 62 62
0225_0004_0023_0060_0060.jpg 1 4 23 60 60
0226_0018_0013_0062_0062.jpg 1 18 13 62 62
0227_0031_0028_0056_0056.jpg 1 31 28 56 56
0228_0009_0035_0052_0052.jpg 1 9 35 52 52
0229_0015_0007_0068_0068.jpg 1 15 7 68 68
0230_0024_0024_0068_0068.jpg 1 24 24 68 68
0231_0014_0019_0066_0066.jpg 1 14 19 66 66
0232_0012_0027_0062_0062.jpg 1 12 27 62 62
0233_0006_0019_0059_0059.jpg 1 6 19 59 59
0234_0020_0005_0063_0063.jpg 1 20 5 63 63
0235_0012_0005_0065_0065.jpg 1 12 5 65 65
0236_0033_0026_0049_0049.jpg 1 33 26 49 49
0237_0010_0007_0055_0055.jpg 1 10 7 55 55
0238_0023_0023_0067_0067.jpg 1 23 23 67 67
0239_0008_0020_0069_0069.jpg 1 8 20 69 69
0240_0033_0032_0054_0054.jpg 1 33 32 54 54
0241_0029_0032_0058_0058.jpg 1 29 32 58 58
0242_0010_0027_0057_0057.jpg 1 10 27 57 57
0243_0011_0005_0066_0066.jpg 1 11 5 66 66
0244_0023_0021_0068_0068.jpg 1 23 21 68 68
0245_0028_0012_0060_0060.jpg 1 28 12 60 60
0246_0024_0028_0056_0056.jpg 1 24 28 56 56
0247_0012_0014_0069_0069.jpg 1 12 14 69 69
0248_0017_0019_0054_0054.jpg 1 17 19 54 54
0249_0023_0015_0053_0053.jpg 1 23 15 53 53
0250_0008_0011_0059_0059.jpg 1 8 11 59 59
0251_0011_0017_0065_0065.jpg 1 11 17 65 65
0252_0028_0017_0062_0062.jpg 1 28 17 62 62
0253_0008_0008_0056_0056.jpg 1 8 8 56 56
0254_0008_0011_0061_0061.jpg 1 8 11 61 61
0255_0035_0005_0053_0053.jpg 1 35 5 53 53
0256_0024_0021_0052_0052.jpg 1 24 21 52 52
0257_0021_0025_0061_0061.jpg 1 21 25 61 61
0258_0005_0006_0057_0057.jpg 1 5 6 57 57
0259_0014_0025_0049_0049.jpg 1 14 25 49 49
0260_0038_0036_0051_0051.jpg 1 38 36 51 51
0261_0028_0021_0054_0054.jpg 1 28 21 54 54
0262_0006_0012_0055_0055.jpg 1 6 12 55 55
0263_0024_0010_0066_0066.jpg 1 24 10 66 66
0264_0013_0022_0062_0062.jpg 1 13 22 62 62
0265_0020_0024_0063_0063.jpg 1 20 24 63 63
0266_0005_0034_0056_0056.jpg 1 5 34 56 56
0267_0039_0007_0050_0050.jpg 1 39 7 50 50
0268_0017_0028_0061_0061.jpg 1 17 28 61 61
0269_0008_0014_0064_0064.jpg 1 8 14 64 64
0270_0016_0006_0064_0064.jpg 1 16 6 64 64
0271_0021_0015_0061_0061.jpg 1 21 15 61 61
0272_0023_0032_0048_0048.jpg 1 23 32 48 48
0273_0006_0013_0066_0066.jpg 1 6 13 66 66
0274_0010_0032_0048_0048.jpg 1 10 32 48 48
0275_0010_0020_0058_0058.jpg 1 10 20 58 58
0276_0017_0007_0055_0055.jpg 1 17 7 55 55
0277_0013_0006_0065_0065.jpg 1 13 6 65 65
0278_0014_0033_0053_0053.jpg 1 14 33 53 53
0279_0017_0006_0053_0053.jpg 1 17 6 53 53
0280_0030_0011_0060_0060.jpg 1 30 11 60 60
0281_0019_0022_0069_0069.jpg 1 19 22 69 69
0282_0029_0025_0059_0059.jpg 1 29 25 59 59
0283_0021_0016_0068_0068.jpg 1 21 16 68 68
0284_0010_0014_0050_0050.jpg 1 10 14 50 50
0285_0027_0019_0057_0057.jpg 1 27 19 57 57
0286_0020_0013_0069_0069.jpg 1 20 13 69 69
0287_0004_0007_0065_0065.jpg 1 4 7 65 65
0288_0031_0026_0054_0054.jpg 1 31 26 54 54
0289_0014_0028_0054_0054.jpg 1 14 28 54 54
0290_0015_0009_0066_0066.jpg 1 15 9 66 66
0291_0018_0009_0065_0065.jpg 1 18 9 65 65
0292_0026_0026_0066_0066.jpg 1 26 26 66 66
0293_0023_0024_0052_0052.jpg 1 23 24 52 52
0294_0010_0020_0066_0066.jpg 1 10 20 66 66
0295_0018_0006_0066_0066.jpg 1 18 6 66 66
0296_0014_0026_0048_0048.jpg 1 14 26 48 48
0297_0020_0009_0059_0059.jpg 1 20 9 59 59
0298_0021_0024_0069_0069.jpg 1 21 24 69 69
0299_0025_0019_0067_0067.jpg 1 25 19 67 67
0300_0015_0018_0066_0066.jpg 1 15 18 66 66
0301_0007_0006_0066_0066.jpg 1 7 6 66 66
0302_0016_0013_0069_0069.jpg 1 16 13 69 69
0303_0006_0022_0069_0069.jpg 1 6 22 69 69
0304_0028_0014_0062_0062.jpg 1 28 14 62 62
0305_0035_0021_0051_0051.jpg 1 35 21 51 51
0306_0019_0024_0067_0067.jpg 1 19 24 67 67
0307_0005_0004_0066_0066.jpg 1 5 4 66 66
0308_0013_0019_0066_0066.jpg 1 13 19 66 66
0309_0023_0021_0068_0068.jpg 1 23 21 68 68
0310_0018_0018_0055_0055.jpg 1 18 18 55 55
0311_0034_0020_0050_0050.jpg 1 34 20 50 50
0312_0038_0018_0048_0048.jpg 1 38 18 48 48
0313_0038_0037_0050_0050.jpg 1 38 37 50 50
0314_0029_0015_0057_0057.jpg 1 29 15 57 57
0315_0012_0018_0064_0064.jpg 1 12 18 64 64
0316_0011_0020_0066_0066.jpg 1 11 20 66 66
0317_0023_0006_0068_0068.jpg 1 23 6 68 68
0318_0011_0024_0068_0068.jpg 1 11 24 68 68
0319_0030_0028_0048_0048.jpg 1 30 28 48 48
0320_0007_0027_0065_0065.jpg 1 7 27 65 65
0321_0033_0038_0050_0050.jpg 1 33 38 50 50
0322_0010_0028_0051_0051.jpg 1 10 28 51 51
0323_0009_0020_0067_0067.jpg 1 9 20 67 67
0324_0020_0025_0066_0066.jpg 1 20 25 66 66
0325_0012_0010_0064_0064.jpg 1 12 10 64 64
0326_0009_0015_0058_0058.jpg 1 9 15 58 58
0327_0022_0017_0064_0064.jpg 1 22 17 64 64
0328_0024_0009_0064_0064.jpg 1 24 9 64 64
0329_0004_0008_0062_0062.jpg 1 4 8 62 62
0330_0023_0027_0058_0058.jpg 1 23 27 58 58
0331_0010_0012_0056_0056.jpg 1 10 12 56 56
0332_0006_0009_0055_0055.jpg 1 6 9 55 55
0333_0009_0031_0053_0053.jpg 1 9 31 53 53
0334_0009_0005_0068_0068.jpg 1 9 5 68 68
0335_0013_0040_0048_0048.jpg 1 13 40 48 48
0336_0015_0009_0069_0069.jpg 1 15 9 69 69
0337_0010_0008_0063_0063.jpg 1 10 8 63 63
0338_0023_0014_0057_0057.jpg 1 23 14 57 57
0339_0015_0016_0052_0052.jpg 1 15 16 52 52
0340_0020_0030_0053_0053.jpg 1 20 30 53 53
0341_0011_0028_0054_0054.jpg 1 11 28 54 54
0342_0030_0011_0060_0060.jpg 1 30 11 60 60
0343_0006_0015_0052_0052.jpg 1 6 15 52 52
0344_0024_0010_0068_0068.jpg 1 24 10 68 68
0345_0012_0013_0063_0063.jpg 1 12 13 63 63
0346_0037_0028_0052_0052.jpg 1 37 28 52 52
0347_0010_0006_0059_0059.jpg 1 10 6 59 59
0348_0011_0016_0068_0068.jpg 1 11 16 68 68
0349_0009_0027_0065_0065.jpg 1 9 27 65 65
0350_0015_0020_0067_0067.jpg 1 15 20 67 67
0351_0015_0026_0061_0061.jpg 1 15 26 61 61
0352_0010_0026_0063_0063.jpg 1 10 26 63 63
0353_0010_0018_0049_0049.jpg 1 10 18 49 49
0354_0017_0025_0049_0049.jpg 1 17 25 49 49
0355_0013_0017_0069_0069.jpg 1 13 17 69 69
0356_0021_0007_0054_0054.jpg 1 21 7 54 54
0357_0007_0007_0060_0060.jpg 1 7 7 60 60
0358_0015_0021_0068_0068.jpg 1 15 21 68 68
0359_0006_0007_0062_0062.jpg 1 6 7 62 62
0360_0022_0012_0052_0052.jpg 1 22 12 52 52
0361_0019_0011_0062_0062.jpg 1 19 11 62 62
0362_0022_0017_0061_0061.jpg 1 22 17 61 61
0363_0010_0024_0060_0060.jpg 1 10 24 60 60
0364_0015_0021_0068_0068.jpg 1 15 21 68 68
0365_0012_0015_0050_0050.jpg 1 12 15 50 50
0366_0030_0033_0052_0052.jpg 1 30 33 52 52
0367_0019_0017_0052_0052.jpg 1 19 17 52 52
0368_0012_0036_0050_0050.jpg 1 12 36 50 50
0369_0028_0022_0061_0061.jpg 1 28 22 61 61
0370_0024_0016_0057_0057.jpg 1 24 16 57 57
0371_0033_0026_0051_0051.jpg 1 33 26 51 51
0372_0015_0003_0066_0066.jpg 1 15 3 66 66
0373_0011_0030_0058_0058.jpg 1 11 30 58 58
0374_0020_0016_0062_0062.jpg 1 20 16 62 62
0375_0022_0019_0060_0060.jpg 1 22 19 60 60
0376_0025_0037_0048_0048.jpg 1 25 37 48 48
0377_0014_0007_0059_0059.jpg 1 14 7 59 59
0378_0013_0006_0056_0056.jpg 1 13 6 56 56
0379_0011_0032_0053_0053.jpg 1 11 32 53 53
0380_0023_0014_0048_0048.jpg 1 23 14 48 48
0381_0025_0009_0057_0057.jpg 1 25 9 57 57
0382_0018_0011_0057_0057.jpg 1 18 11 57 57
0383_0013_0009_0054_0054.jpg 1 13 9 54 54
0384_0023_0021_0067_0067.jpg 1 23 21 67 67
0385_0016_0017_0061_0061.jpg 1 16 17 61 61
0386_0021_0007_0063_0063.jpg 1 21 7 63 63
0387_0017_0022_0065_0065.jpg 1 17 22 65 65
0388_0019_0009_0062_0062.jpg 1 19 9 62 62
0389_0011_0009_0048_0048.jpg 1 11 9 48 48
0390_0016_0020_0063_0063.jpg 1 16 20 63 63
0391_0019_0030_0059_0059.jpg 1 19 30 59 59
0392_0017_0019_0061_0061.jpg 1 17 19 61 61
0393_0008_0014_0057_0057.jpg 1 8 14 57 57
0394_0006_0023_0063_0063.jpg 1 6 23 63 63
0395_0011_0025_0066_0066.jpg 1 11 25 66 66
0396_0020_0014_0058_0058.jpg 1 20 14 58 58
0397_0015_0021_0069_0069.jpg 1 15 21 69 69
0398_0015_0013_0062_0062.jpg 1 15 13 62 62
0399_0027_0021_0060_0060.jpg 1 27 21 60 60
0400_0016_0013_0069_0069.jpg 1 16 13 69 69
0401_0020_0005_0063_0063.jpg 1 20 5 63 63
0402_0003_0018_0063_0063.jpg 1 3 18 63 63
0403_0014_0033_0056_0056.jpg 1 14 33 56 56
0404_0024_0038_0049_0049.jpg 1 24 38 49 49
0405_0028_0022_0057_0057.jpg 1 28 22 57 57
0406_0018_0016_0064_0064.jpg 1 18 16 64 64
0407_0004_0010_0051_0051.jpg 1 4 10 51 51
0408_0031_0029_0048_0048.jpg 1 31 29 48 48
0409_0024_0003_0069_0069.jpg 1 24 3 69 69
0410_0020_0037_0052_0052.jpg 1 20 37 52 52
0411_0020_0018_0054_0054.jpg 1 20 18 54 54
0412_0026_0012_0052_0052.jpg 1 26 12 52 52
0413_0009_0034_0055_0055.jpg 1 9 34 55 55
0414_0012_0008_0068_0068.jpg 1 12 8 68 68
0415_0007_0004_0069_0069.jpg 1 7 4 69 69
0416_0019_0006_0053_0053.jpg 1 19 6 53 53
0417_0017_0011_0055_0055.jpg 1 17 11 55 55
0418_0031_0013_0056_0056.jpg 1 31 13 56 56
0419_0005_0019_0062_0062.jpg 1 5 19 62 62
0420_0014_0020_0060_0060.jpg 1 14 20 60 60
0421_0019_0024_0068_0068.jpg 1 19 24 68 68
0422_0006_0015_0067_0067.jpg 1 6 15 67 67
0423_0013_0030_0061_0061.jpg 1 13 30 61 61
0424_0027_0013_0049_0049.jpg 1 27 13 49 49
0425_0006_0009_0065_0065.jpg 1 6 9 65 65
0426_0021_0017_0057_0057.jpg 1 21 17 57 57
0427_0003_0017_0067_0067.jpg 1 3 17 67 67
0428_0013_0012_0064_0064.jpg 1 13 12 64 64
0429_0034_0027_0055_0055.jpg 1 34 27 55 55
0430_0016_0012_0052_0052.jpg 1 16 12 52 52
0431_0017_0012_0051_0051.jpg 1 17 12 51 51
0432_0020_0007_0060_0060.jpg 1 20 7 60 60
0433_0010_0035_0050_0050.jpg 1 10 35 50 50
0434_0009_0012_0058_0058.jpg 1 9 12 58 58
0435_0028_0011_0059_0059.jpg 1 28 11 59 59
0436_0007_0014_0052_0052.jpg 1 7 14 52 52
0437_0012_0027_0064_0064.jpg 1 12 27 64 64
0438_0008_0026_0058_0058.jpg 1 8 26 58 58
0439_0025_0007_0067_0067.jpg 1 25 7 67 67
0440_0006_0012_0049_0049.jpg 1 6 12 49 49
0441_0025_0006_0064_0064.jpg 1 25 6 64 64
0442_0027_0024_0062_0062.jpg 1 27 24 62 62
0443_0005_0008_0058_0058.jpg 1 5 8 58 58
0444_0020_0029_0053_0053.jpg 1 20 29 53 53
0445_0021_0006_0064_0064.jpg 1 21 6 64 64
0446_0028_0010_0055_0055.jpg 1 28 10 55 55
0447_0021_0006_0057_0057.jpg 1 21 6 57 57
0448_0013_0020_0069_0069.jpg 1 13 20 69 69
0449_0014_0028_0062_0062.jpg 1 14 28 62 62
0450_0018_0018_0065_0065.jpg 1 18 18 65 65
0451_0026_0013_0065_0065.jpg 1 26 13 65 65
0452_0017_0012_0066_0066.jpg 1 17 12 66 66
0453_0009_0018_0058_0058.jpg 1 9 18 58 58
0454_0005_0018_0052_0052.jpg 1 5 18 52 52
0455_0025_0030_0049_0049.jpg 1 25 30 49 49
0456_0030_0025_0050_0050.jpg 1 30 25 50 50
0457_0009_0025_0067_0067.jpg 1 9 25 67 67
0458_0019_0023_0064_0064.jpg 1 19 23 64 64
0459_0023_0018_0061_0061.jpg 1 23 18 61 61
0460_0023_0018_0064_0064.jpg 1 23 18 64 64
0461_0025_0006_0051_0051.jpg 1 25 6 51 51
0462_0023_0006_0059_0059.jpg 1 23 6 59 59
0463_0025_0029_0060_0060.jpg 1 25 29 60 60
0464_0011_0022_0068_0068.jpg 1 11 22 68 68
0465_0016_0021_0068_0068.jpg 1 16 21 68 68
0466_0010_0039_0048_0048.jpg 1 10 39 48 48
0467_0023_0018_0066_0066.jpg 1 23 18 66 66
0468_0016_0015_0049_0049.jpg 1 16 15 49 49
0469_0035_0014_0055_0055.jpg 1 35 14 55 55
0470_0023_0018_0068_0068.jpg 1 23 18 68 68
0471_0007_0028_0056_0056.jpg 1 7 28 56 56
0472_0021_0011_0048_0048.jpg 1 21 11 48 48
0473_0015_0023_0052_0052.jpg 1 15 23 52 52
0474_0014_0016_0052_0052.jpg 1 14 16 52 52
0475_0019_0015_0063_0063.jpg 1 19 15 63 63
0476_0038_0038_0049_0049.jpg 1 38 38 49 49
0477_0017_0012_0057_0057.jpg 1 17 12 57 57
0478_0024_0006_0063_0063.jpg 1 24 6 63 63
0479_0028_0026_0054_0054.jpg 1 28 26 54 54
0480_0019_0037_0051_0051.jpg 1 19 37 51 51
0481_0023_0011_0054_0054.jpg 1 23 11 54 54
0482_0026_0013_0051_0051.jpg 1 26 13 51 51
0483_0020_0006_0062_0062.jpg 1 20 6 62 62
0484_0025_0009_0066_0066.jpg 1 25 9 66 66
0485_0033_0005_0055_0055.jpg 1 33 5 55 55
0486_0022_0013_0065_0065.jpg 1 22 13 65 65
0487_0031_0013_0056_0056.jpg 1 31 13 56 56
0488_0022_0005_0068_0068.jpg 1 22 5 68 68
0489_0015_0015_0067_0067.jpg 1 15 15 67 67
0490_0035_0011_0053_0053.jpg 1 35 11 53 53
0491_0027_0016_0055_0055.jpg 1 27 16 55 55
0492_0021_0004_0063_0063.jpg 1 21 4 63 63
0493_0023_0010_0056_0056.jpg 1 23 10 56 56
0494_0022_0021_0067_0067.jpg 1 22 21 67 67
0495_0026_0013_0060_0060.jpg 1 26 13 60 60
0496_0013_0025_0057_0057.jpg 1 13 25 57 57
0497_0023_0015_0069_0069.jpg 1 23 15 69 69
0498_0005_0020_0064_0064.jpg 1 5 20 64 64
0499_0029_0010_0049_0049.jpg 1 29 10 49 49
0500_0011_0015_0064_0064.jpg 1 11 15 64 64
0501_0036_0005_0051_0051.jpg 1 36 5 51 51
0502_0021_0011_0067_0067.jpg 1 21 11 67 67
0503_0004_0019_0053_0053.jpg 1 4 19 53 53
0504_0038_0018_0048_0048.jpg 1 38 18 48 48
0505_0005_0006_0069_0069.jpg 1 5 6 69 69
0506_0038_0006_0048_0048.jpg 1 38 6 48 48
0507_0031_0027_0055_0055.jpg 1 31 27 55 55
0508_0008_0022_0063_0063.jpg 1 8 22 63 63
0509_0005_0007_0061_0061.jpg 1 5 7 61 61
0510_0022_0018_0064_0064.jpg 1 22 18 64 64
0511_0017_0014_0054_0054.jpg 1 17 14 54 54
0512_0033_0014_0052_0052.jpg 1 33 14 52 52
0513_0021_0013_0055_0055.jpg 1 21 13 55 55
0514_0010_0025_0052_0052.jpg 1 10 25 52 52
0515_0018_0007_0054_0054.jpg 1 18 7 54 54
0516_0012_0031_0057_0057.jpg 1 12 31 57 57
0517_0019_0013_0065_0065.jpg 1 19 13 65 65
0518_0035_0030_0051_0051.jpg 1 35 30 51 51
0519_0023_0025_0060_0060.jpg 1 23 25 60 60
0520_0028_0014_0051_0051.jpg 1 28 14 51 51
0521_0028_0020_0061_0061.jpg 1 28 20 61 61
0522_0004_0025_0065_0065.jpg 1 4 25 65 65
0523_0027_0014_0064_0064.jpg 1 27 14 64 64
0524_0021_0016_0068_0068.jpg 1 21 16 68 68
0525_0012_0022_0067_0067.jpg 1 12 22 67 67
0526_0037_0015_0048_0048.jpg 1 37 15 48 48
0527_0029_0038_0051_0051.jpg 1 29 38 51 51
0528_0037_0029_0050_0050.jpg 1 37 29 50 50
0529_0016_0015_0051_0051.jpg 1 16 15 51 51
0530_0022_0024_0055_0055.jpg 1 22 24 55 55
0531_0021_0004_0067_0067.jpg 1 21 4 67 67
0532_0010_0029_0050_0050.jpg 1 10 29 50 50
0533_0025_0024_0050_0050.jpg 1 25 24 50 50
0534_0025_0010_0060_0060.jpg 1 25 10 60 60
0535_0009_0021_0056_0056.jpg 1 9 21 56 56
0536_0013_0022_0065_0065.jpg 1 13 22 65 65
0537_0025_0029_0057_0057.jpg 1 25 29 57 57
0538_0023_0019_0066_0066.jpg 1 23 19 66 66
0539_0008_0025_0048_0048.jpg 1 8 25 48 48
0540_0034_0028_0055_0055.jpg 1 34 28 55 55
0541_0018_0024_0068_0068.jpg 1 18 24 68 68
0542_0018_0007_0051_0051.jpg 1 18 7 51 51
0543_0038_0015_0051_0051.jpg 1 38 15 51 51
0544_0016_0019_0065_0065.jpg 1 16 19 65 65
0545_0017_0029_0063_0063.jpg 1 17 29 63 63
0546_0009_0027_0058_0058.jpg 1 9 27 58 58
0547_0010_0020_0055_0055.jpg 1 10 20 55 55
0548_0025_0014_0067_0067.jpg 1 25 14 67 67
0549_0005_0027_0063_0063.jpg 1 5 27 63 63
0550_0036_0025_0049_0049.jpg 1 36 25 49 49
0551_0031_0022_0060_0060.jpg 1 31 22 60 60
0552_0013_0017_0050_0050.jpg 1 13 17 50 50
0553_0032_0004_0057_0057.jpg 1 32 4 57 57
0554_0018_0027_0055_0055.jpg 1 18 27 55 55
0555_0005_0024_0049_0049.jpg 1 5 24 49 49
0556_0013_0009_0066_0066.jpg 1 13 9 66 66
0557_0020_0019_0065_0065.jpg 1 20 19 65 65
0558_0016_0019_0068_0068.jpg 1 16 19 68 68
0559_0004_0007_0064_0064.jpg 1 4 7 64 64
0560_0015_0017_0063_0063.jpg 1 15 17 63 63
0561_0033_0013_0054_0054.jpg 1 33 13 54 54
0562_0030_0012_0055_0055.jpg 1 30 12 55 55
0563_0006_0026_0062_0062.jpg 1 6 26 62 62
0564_0013_0007_0060_0060.jpg 1 13 7 60 60
0565_0016_0007_0064_0064.jpg 1 16 7 64 64
0566_0031_0035_0050_0050.jpg 1 31 35 50 50
0567_0005_0029_0056_0056.jpg 1 5 29 56 56
0568_0007_0005_0048_0048.jpg 1 7 5 48 48
0569_0032_0029_0057_0057.jpg 1 32 29 57 57
0570_0008_0027_0048_0048.jpg 1 8 27 48 48
0571_0018_0026_0051_0051.jpg 1 18 26 51 51
0572_0013_0024_0055_0055.jpg 1 13 24 55 55
0573_0009_0022_0050_0050.jpg 1 9 22 50 50
0574_0025_0017_0065_0065.jpg 1 25 17 65 65
0575_0037_0008_0053_0053.jpg 1 37 8 53 53
0576_0029_0027_0049_0049.jpg 1 29 27 49 49
0577_0032_0013_0059_0059.jpg 1 32 13 59 59
0578_0027_0013_0064_0064.jpg 1 27 13 64 64
0579_0023_0022_0064_0064.jpg 1 23 22 64 64
0580_0019_0016_0050_0050.jpg 1 19 16 50 50
0581_0005_0029_0052_0052.jpg 1 5 29 52 52
0582_0010_0014_0066_0066.jpg 1 10 14 66 66
0583_0040_0032_0048_0048.jpg 1 40 32 48 48
0584_0011_0029_0049_0049.jpg 1 11 29 49 49
0585_0032_0033_0056_0056.jpg 1 32 33 56 56
0586_0040_0032_0049_0049.jpg 1 40 32 49 49
0587_0008_0016_0063_0063.jpg 1 8 16 63 63
0588_0015_0009_0056_0056.jpg 1 15 9 56 56
0589_0017_0028_0050_0050.jpg 1 17 28 50 50
0590_0018_0008_0056_0056.jpg 1 18 8 56 56
0591_0010_0038_0052_0052.jpg 1 10 38 52 52
0592_0036_0034_0052_0052.jpg 1 36 34 52 52
0593_0030_0030_0056_0056.jpg 1 30 30 56 56
0594_0012_0024_0048_0048.jpg 1 12 24 48 48
0595_0006_0026_0058_0058.jpg 1 6 26 58 58
0596_0035_0020_0054_0054.jpg 1 35 20 54 54
0597_0038_0007_0049_0049.jpg 1 38 7 49 49
0598_0006_0025_0068_0068.jpg 1 6 25 68 68
0599_0021_0017_0068_0068.jpg 1 21 17 68 68
0600_0040_0010_0048_0048.jpg 1 40 10 48 48
0601_0035_0006_0055_0055.jpg 1 35 6 55 55
0602_0033_0032_0055_0055.jpg 1 33 32 55 55
0603_0017_0019_0064_0064.jpg 1 17 19 64 64
0604_0022_0025_0060_0060.jpg 1 22 25 60 60
0605_0014_0011_0065_0065.jpg 1 14 11 65 65
0606_0018_0024_0048_0048.jpg 1 18 24 48 48
0607_0022_0011_0064_0064.jpg 1 22 11 64 64
0608_0006_0037_0051_0051.jpg 1 6 37 51 51
0609_0030_0015_0059_0059.jpg 1 30 15 59 59
0610_0003_0026_0067_0067.jpg 1 3 26 67 67
0611_0012_0007_0051_0051.jpg 1 12 7 51 51
0612_0029_0026_0063_0063.jpg 1 29 26 63 63
0613_0021_0006_0055_0055.jpg 1 21 6 55 55
0614_0027_0017_0062_0062.jpg 1 27 17 62 62
0615_0025_0007_0060_0060.jpg 1 25 7 60 60
0616_0014_0012_0067_0067.jpg 1 14 12 67 67
0617_0021_0023_0069_0069.jpg 1 21 23 69 69
0618_0007_0011_0062_0062.jpg 1 7 11 62 62
0619_0007_0007_0066_0066.jpg 1 7 7 66 66
0620_0016_0021_0050_0050.jpg 1 16 21 50 50
0621_0018_0014_0065_0065.jpg 1 18 14 65 65
0622_0019_0026_0059_0059.jpg 1 19 26 59 59
0623_0040_0009_0049_0049.jpg 1 40 9 49 49
0624_0032_0032_0053_0053.jpg 1 32 32 53 53
0625_0014_0010_0066_0066.jpg 1 14 10 66 66
0626_0016_0007_0062_0062.jpg 1 16 7 62 62
0627_0013_0032_0059_0059.jpg 1 13 32 59 59
0628_0009_0004_0067_0067.jpg 1 9 4 67 67
0629_0005_0032_0057_0057.jpg 1 5 32 57 57
0630_0015_0024_0054_0054.jpg 1 15 24 54 54
0631_0007_0003_0065_0065.jpg 1 7 3 65 65
0632_0010_0021_0048_0048.jpg 1 10 21 48 48
0633_0022_0015_0063_0063.jpg 1 22 15 63 63
0634_0031_0020_0052_0052.jpg 1 31 20 52 52
0635_0035_0016_0049_0049.jpg 1 35 16 49 49
0636_0023_0016_0060_0060.jpg 1 23 16 60 60
0637_0031_0022_0054_0054.jpg 1 31 22 54 54
0638_0022_0023_0055_0055.jpg 1 22 23 55 55
0639_0010_0025_0056_0056.jpg 1 10 25 56 56
0640_0009_0022_0068_0068.jpg 1 9 22 68 68
0641_0007_0004_0068_0068.jpg 1 7 4 68 68
0642_0006_0006_0059_0059.jpg 1 6 6 59 59
0643_0012_0013_0068_0068.jpg 1 12 13 68 68
0644_0026_0009_0063_0063.jpg 1 26 9 63 63
0645_0020_0004_0068_0068.jpg 1 20 4 68 68
0646_0021_0007_0067_0067.jpg 1 21 7 67 67
0647_0008_0018_0065_0065.jpg 1 8 18 65 65
0648_0014_0020_0063_0063.jpg 1 14 20 63 63
0649_0010_0032_0059_0059.jpg 1 10 32 59 59
0650_0013_0020_0055_0055.jpg 1 13 20 55 55
0651_0031_0028_0060_0060.jpg 1 31 28 60 60
0652_0029_0020_0055_0055.jpg 1 29 20 55 55
0653_0015_0013_0063_0063.jpg 1 15 13 63 63
0654_0033_0023_0055_0055.jpg 1 33 23 55 55
0655_0013_0003_0066_0066.jpg 1 13 3 66 66
0656_0017_0027_0053_0053.jpg 1 17 27 53 53
0657_0021_0004_0061_0061.jpg 1 21 4 61 61
0658_0039_0028_0050_0050.jpg 1 39 28 50 50
0659_0029_0011_0063_0063.jpg 1 29 11 63 63
0660_0006_0011_0057_0057.jpg 1 6 11 57 57
0661_0028_0012_0054_0054.jpg 1 28 12 54 54
0662_0012_0033_0050_0050.jpg 1 12 33 50 50
0663_0013_0023_0050_0050.jpg 1 13 23 50 50
0664_0021_0013_0050_0050.jpg 1 21 13 50 50
0665_0021_0004_0062_0062.jpg 1 21 4 62 62
0666_0013_0023_0054_0054.jpg 1 13 23 54 54
0667_0015_0020_0048_0048.jpg 1 15 20 48 48
0668_0027_0033_0057_0057.jpg 1 27 33 57 57
0669_0039_0022_0050_0050.jpg 1 39 22 50 50
0670_0016_0021_0057_0057.jpg 1 16 21 57 57
0671_0026_0025_0053_0053.jpg 1 26 25 53 53
0672_0003_0016_0069_0069.jpg 1 3 16 69 69
0673_0034_0013_0054_0054.jpg 1 34 13 54 54
0674_0024_0014_0052_0052.jpg 1 24 14 52 52
0675_0017_0033_0056_0056.jpg 1 17 33 56 56
0676_0014_0005_0069_0069.jpg 1 14 5 69 69
0677_0009_0005_0048_0048.jpg 1 9 5 48 48
0678_0018_0032_0053_0053.jpg 1 18 32 53 53
0679_0026_0030_0051_0051.jpg 1 26 30 51 51
0680_0020_0021_0060_0060.jpg 1 20 21 60 60
0681_0011_0032_0055_0055.jpg 1 11 32 55 55
0682_0014_0022_0066_0066.jpg 1 14 22 66 66
0683_0015_0016_0065_0065.jpg 1 15 16 65 65
0684_0013_0031_0051_0051.jpg 1 13 31 51 51
0685_0021_0026_0063_0063.jpg 1 21 26 63 63
0686_0005_0029_0061_0061.jpg 1 5 29 61 61
0687_0010_0029_0056_0056.jpg 1 10 29 56 56
0688_0035_0028_0055_0055.jpg 1 35 28 55 55
0689_0016_0027_0062_0062.jpg 1 16 27 62 62
0690_0028_0030_0056_0056.jpg 1 28 30 56 56
0691_0025_0028_0061_0061.jpg 1 25 28 61 61
0692_0029_0005_0055_0055.jpg 1 29 5 55 55
0693_0016_0026_0055_0055.jpg 1 16 26 55 55
0694_0010_0007_0065_0065.jpg 1 10 7 65 65
0695_0015_0008_0053_0053.jpg 1 15 8 53 53
0696_0027_0011_0065_0065.jpg 1 27 11 65 65
0697_0015_0009_0057_0057.jpg 1 15 9 57 57
0698_0026_0006_0065_0065.jpg 1 26 6 65 65
0699_0016_0019_0067_0067.jpg 1 16 19 67 67
0700_0027_0029_0055_0055.jpg 1 27 29 55 55
0701_0005_0017_0067_0067.jpg 1 5 17 67 67
0702_0006_0033_0048_0048.jpg 1 6 33 48 48
0703_0011_0004_0063_0063.jpg 1 11 4 63 63
0704_0028_0011_0048_0048.jpg 1 28 11 48 48
0705_0019_0014_0060_0060.jpg 1 19 14 60 60
0706_0022_0017_0048_0048.jpg 1 22 17 48 48
0707_0022_0025_0048_0048.jpg 1 22 25 48 48
0708_0020_0006_0068_0068.jpg 1 20 6 68 68
0709_0007_0019_0055_0055.jpg 1 7 19 55 55
0710_0013_0027_0058_0058.jpg 1 13 27 58 58
0711_0010_0024_0069_0069.jpg 1 10 24 69 69
0712_0006_0027_0062_0062.jpg 1 6 27 62 62
0713_0025_0021_0064_0064.jpg 1 25 21 64 64
0714_0023_0005_0059_0059.jpg 1 23 5 59 59
0715_0026_0009_0059_0059.jpg 1 26 9 59 59
0716_0040_0024_0048_0048.jpg 1 40 24 48 48
0717_0025_0014_0066_0066.jpg 1 25 14 66 66
0718_0011_0035_0048_0048.jpg 1 11 35 48 48
0719_0030_0029_0056_0056.jpg 1 30 29 56 56
0720_0016_0015_0066_0066.jpg 1 16 15 66 66
0721_0020_0030_0054_0054.jpg 1 20 30 54 54
0722_0004_0016_0064_0064.jpg 1 4 16 64 64
0723_0023_0022_0048_0048.jpg 1 23 22 48 48
0724_0022_0026_0055_0055.jpg 1 22 26 55 55
0725_0007_0008_0068_0068.jpg 1 7 8 68 68
0726_0008_0019_0060_0060.jpg 1 8 19 60 60
0727_0029_0005_0059_0059.jpg 1 29 5 59 59
0728_0013_0014_0068_0068.jpg 1 13 14 68 68
0729_0016_0013_0056_0056.jpg 1 16 13 56 56
0730_0027_0012_0058_0058.jpg 1 27 12 58 58
0731_0014_0018_0066_0066.jpg 1 14 18 66 66
0732_0029_0028_0060_0060.jpg 1 29 28 60 60
0733_0023_0023_0067_0067.jpg 1 23 23 67 67
0734_0016_0025_0058_0058.jpg 1 16 25 58 58
0735_0019_0032_0049_0049.jpg 1 19 32 49 49
0736_0007_0012_0069_0069.jpg 1 7 12 69 69
0737_0006_0021_0065_0065.jpg 1 6 21 65 65
0738_0006_0019_0052_0052.jpg 1 6 19 52 52
0739_0037_0018_0049_0049.jpg 1 37 18 49 49
0740_0013_0028_0060_0060.jpg 1 13 28 60 60
0741_0025_0038_0050_0050.jpg 1 25 38 50 50
0742_0024_0039_0048_0048.jpg 1 24 39 48 48
0743_0014_0028_0057_0057.jpg 1 14 28 57 57
0744_0007_0017_0068_0068.jpg 1 7 17 68 68
0745_0023_0006_0053_0053.jpg 1 23 6 53 53
0746_0016_0023_0052_0052.jpg 1 16 23 52 52
0747_0022_0015_0068_0068.jpg 1 22 15 68 68
0748_0025_0024_0052_0052.jpg 1 25 24 52 52
0749_0012_0024_0065_0065.jpg 1 12 24 65 65
0750_0019_0024_0069_0069.jpg 1 19 24 69 69
0751_0024_0004_0064_0064.jpg 1 24 4 64 64
0752_0031_0037_0048_0048.jpg 1 31 37 48 48
0753_0030_0006_0053_0053.jpg 1 30 6 53 53
0754_0005_0017_0058_0058.jpg 1 5 17 58 58
0755_0018_0014_0068_0068.jpg 1 18 14 68 68
0756_0014_0021_0049_0049.jpg 1 14 21 49 49
0757_0026_0019_0064_0064.jpg 1 26 19 64 64
0758_0010_0020_0066_0066.jpg 1 10 20 66 66
0759_0022_0030_0060_0060.jpg 1 22 30 60 60
0760_0028_0031_0050_0050.jpg 1 28 31 50 50
0761_0016_0010_0050_0050.jpg 1 16 10 50 50
0762_0019_0003_0069_0069.jpg 1 19 3 69 69
0763_0014_0006_0061_0061.jpg 1 14 6 61 61
0764_0029_0024_0058_0058.jpg 1 29 24 58 58
0765_0025_0006_0058_0058.jpg 1 25 6 58 58
0766_0033_0020_0056_0056.jpg 1 33 20 56 56
0767_0020_0029_0051_0051.jpg 1 20 29 51 51
0768_0014_0006_0060_0060.jpg 1 14 6 60 60
0769_0023_0028_0054_0054.jpg 1 23 28 54 54
0770_0025_0023_0054_0054.jpg 1 25 23 54 54
0771_0034_0025_0050_0050.jpg 1 34 25 50 50
0772_0011_0026_0049_0049.jpg 1 11 26 49 49
0773_0024_0006_0069_0069.jpg 1 24 6 69 69
0774_0014_0006_0069_0069.jpg 1 14 6 69 69
0775_0024_0028_0055_0055.jpg 1 24 28 55 55
0776_0013_0036_0049_0049.jpg 1 13 36 49 49
0777_0028_0013_0059_0059.jpg 1 28 13 59 59
0778_0013_0014_0066_0066.jpg 1 13 14 66 66
0779_0003_0024_0064_0064.jpg 1 3 24 64 64
0780_0025_0012_0067_0067.jpg 1 25 12 67 67
0781_0027_0014_0063_0063.jpg 1 27 14 63 63
0782_0016_0027_0050_0050.jpg 1 16 27 50 50
0783_0026_0017_0052_0052.jpg 1 26 17 52 52
0784_0006_0020_0067_0067.jpg 1 6 20 67 67
0785_0038_0035_0050_0050.jpg 1 38 35 50 50
0786_0031_0038_0050_0050.jpg 1 31 38 50 50
0787_0025_0017_0066_0066.jpg 1 25 17 66 66
0788_0018_0019_0060_0060.jpg 1 18 19 60 60
0789_0034_0011_0052_0052.jpg 1 34 11 52 52
0790_0016_0006_0049_0049.jpg 1 16 6 49 49
0791_0010_0017_0060_0060.jpg 1 10 17 60 60
0792_0017_0015_0064_0064.jpg 1 17 15 64 64
0793_0026_0028_0057_0057.jpg 1 26 28 57 57
0794_0018_0035_0049_0049.jpg 1 18 35 49 49
0795_0009_0025_0064_0064.jpg 1 9 25 64 64
0796_0005_0006_0061_0061.jpg 1 5 6 61 61
0797_0015_0030_0051_0051.jpg 1 15 30 51 51
0798_0013_0016_0055_0055.jpg 1 13 16 55 55
0799_0004_0005_0062_0062.jpg 1 4 5 62 62
0800_0033_0026_0048_0048.jpg 1 33 26 48 48
0801_0012_0015_0068_0068.jpg 1 12 15 68 68
0802_0012_0011_0068_0068.jpg 1 12 11 68 68
0803_0022_0006_0068_0068.jpg 1 22 6 68 68
0804_0028_0010_0050_0050.jpg 1 28 10 50 50
0805_0007_0010_0067_0067.jpg 1 7 10 67 67
0806_0032_0020_0055_0055.jpg 1 32 20 55 55
0807_0019_0015_0048_0048.jpg 1 19 15 48 48
0808_0010_0022_0050_0050.jpg 1 10 22 50 50
0809_0012_0033_0049_0049.jpg 1 12 33 49 49
0810_0012_0008_0059_0059.jpg 1 12 8 59 59
0811_0011_0014_0060_0060.jpg 1 11 14 60 60
0812_0026_0017_0065_0065.jpg 1 26 17 65 65
0813_0016_0033_0055_0055.jpg 1 16 33 55 55
0814_0033_0016_0056_0056.jpg 1 33 16 56 56
0815_0014_0007_0063_0063.jpg 1 14 7 63 63
0816_0003_0007_0067_0067.jpg 1 3 7 67 67
0817_0014_0034_0055_0055.jpg 1 14 34 55 55
0818_0034_0019_0054_0054.jpg 1 34 19 54 54
0819_0015_0017_0057_0057.jpg 1 15 17 57 57
0820_0013_0025_0055_0055.jpg 1 13 25 55 55
0821_0008_0024_0054_0054.jpg 1 8 24 54 54
0822_0004_0015_0061_0061.jpg 1 4 15 61 61
0823_0023_0024_0067_0067.jpg 1 23 24 67 67
0824_0006_0009_0062_0062.jpg 1 6 9 62 62
0825_0028_0011_0062_0062.jpg 1 28 11 62 62
0826_0018_0035_0055_0055.jpg 1 18 35 55 55
0827_0012_0030_0058_0058.jpg 1 12 30 58 58
0828_0013_0019_0069_0069.jpg 1 13 19 69 69
0829_0004_0003_0066_0066.jpg 1 4 3 66 66
0830_0005_0031_0055_0055.jpg 1 5 31 55 55
0831_0016_0012_0058_0058.jpg 1 16 12 58 58
0832_0025_0013_0060_0060.jpg 1 25 13 60 60
0833_0018_0008_0049_0049.jpg 1 18 8 49 49
0834_0023_0036_0054_0054.jpg 1 23 36 54 54
0835_0021_0033_0052_0052.jpg 1 21 33 52 52
0836_0016_0008_0060_0060.jpg 1 16 8 60 60
0837_0006_0035_0055_0055.jpg 1 6 35 55 55
0838_0009_0013_0049_0049.jpg 1 9 13 49 49
0839_0021_0024_0063_0063.jpg 1 21 24 63 63
0840_0005_0026_0048_0048.jpg 1 5 26 48 48
0841_0028_0009_0055_0055.jpg 1 28 9 55 55
0842_0018_0021_0067_0067.jpg 1 18 21 67 67
0843_0015_0010_0053_0053.jpg 1 15 10 53 53
0844_0027_0007_0052_0052.jpg 1 27 7 52 52
0845_0019_0017_0062_0062.jpg 1 19 17 62 62
0846_0030_0004_0052_0052.jpg 1 30 4 52 52
0847_0018_0013_0062_0062.jpg 1 18 13 62 62
0848_0021_0029_0048_0048.jpg 1 21 29 48 48
0849_0006_0016_0053_0053.jpg 1 6 16 53 53
0850_0035_0038_0049_0049.jpg 1 35 38 49 49
0851_0027_0020_0064_0064.jpg 1 27 20 64 64
0852_0006_0025_0054_0054.jpg 1 6 25 54 54
0853_0016_0036_0052_0052.jpg 1 16 36 52 52
0854_0005_0005_0055_0055.jpg 1 5 5 55 55
0855_0026_0026_0060_0060.jpg 1 26 26 60 60
0856_0011_0021_0055_0055.jpg 1 11 21 55 55
0857_0010_0012_0063_0063.jpg 1 10 12 63 63
0858_0009_0030_0051_0051.jpg 1 9 30 51 51
0859_0014_0027_0064_0064.jpg 1 14 27 64 64
0860_0016_0012_0068_0068.jpg 1 16 12 68 68
0861_0006_0032_0048_0048.jpg 1 6 32 48 48
0862_0018_0009_0049_0049.jpg 1 18 9 49 49
0863_0016_0020_0063_0063.jpg 1 16 20 63 63
0864_0014_0020_0069_0069.jpg 1 14 20 69 69
0865_0030_0015_0060_0060.jpg 1 30 15 60 60
0866_0022_0016_0062_0062.jpg 1 22 16 62 62
0867_0014_0009_0056_0056.jpg 1 14 9 56 56
0868_0004_0011_0057_0057.jpg 1 4 11 57 57
0869_0011_0011_0052_0052.jpg 1 11 11 52 52
0870_0026_0004_0063_0063.jpg 1 26 4 63 63
0871_0010_0012_0055_0055.jpg 1 10 12 55 55
0872_0030_0027_0059_0059.jpg 1 30 27 59 59
0873_0033_0017_0049_0049.jpg 1 33 17 49 49
0874_0012_0021_0061_0061.jpg 1 12 21 61 61
0875_0030_0012_0050_0050.jpg 1 30 12 50 50
0876_0012_0010_0055_0055.jpg 1 12 10 55 55
0877_0023_0012_0063_0063.jpg 1 23 12 63 63
0878_0020_0023_0058_0058.jpg 1 20 23 58 58
0879_0020_0020_0060_0060.jpg 1 20 20 60 60
0880_0015_0009_0069_0069.jpg 1 15 9 69 69
0881_0016_0010_0068_0068.jpg 1 16 10 68 68
0882_0017_0018_0062_0062.jpg 1 17 18 62 62
0883_0013_0027_0066_0066.jpg 1 13 27 66 66
0884_0005_0027_0063_0063.jpg 1 5 27 63 63
0885_0009_0006_0051_0051.jpg 1 9 6 51 51
0886_0007_0016_0068_0068.jpg 1 7 16 68 68
0887_0006_0017_0069_0069.jpg 1 6 17 69 69
0888_0009_0010_0066_0066.jpg 1 9 10 66 66
0889_0005_0005_0067_0067.jpg 1 5 5 67 67
0890_0029_0032_0055_0055.jpg 1 29 32 55 55
0891_0018_0040_0049_0049.jpg 1 18 40 49 49
0892_0032_0014_0058_0058.jpg 1 32 14 58 58
0893_0010_0030_0051_0051.jpg 1 10 30 51 51
0894_0014_0019_0066_0066.jpg 1 14 19 66 66
0895_0025_0030_0048_0048.jpg 1 25 30 48 48
0896_0028_0037_0053_0053.jpg 1 28 37 53 53
0897_0020_0022_0063_0063.jpg 1 20 22 63 63
0898_0003_0014_0068_0068.jpg 1 3 14 68 68
0899_0006_0007_0066_0066.jpg 1 6 7 66 66
0900_0014_0020_0049_0049.jpg 1 14 20 49 49
0901_0006_0012_0068_0068.jpg 1 6 12 68 68
0902_0022_0010_0057_0057.jpg 1 22 10 57 57
0903_0027_0017_0050_0050.jpg 1 27 17 50 50
0904_0022_0026_0061_0061.jpg 1 22 26 61 61
0905_0013_0024_0064_0064.jpg 1 13 24 64 64
0906_0021_0021_0048_0048.jpg 1 21 21 48 48
0907_0028_0017_0049_0049.jpg 1 28 17 49 49
0908_0007_0040_0048_0048.jpg 1 7 40 48 48
0909_0022_0017_0049_0049.jpg 1 22 17 49 49
0910_0010_0022_0063_0063.jpg 1 10 22 63 63
0911_0008_0015_0064_0064.jpg 1 8 15 64 64
0912_0017_0018_0051_0051.jpg 1 17 18 51 51
0913_0007_0021_0056_0056.jpg 1 7 21 56 56
0914_0016_0026_0056_0056.jpg 1 16 26 56 56
0915_0019_0006_0066_0066.jpg 1 19 6 66 66
0916_0009_0024_0048_0048.jpg 1 9 24 48 48
0917_0018_0032_0055_0055.jpg 1 18 32 55 55
0918_0032_0024_0054_0054.jpg 1 32 24 54 54
0919_0034_0018_0056_0056.jpg 1 34 18 56 56
0920_0025_0025_0050_0050.jpg 1 25 25 50 50
0921_0008_0006_0057_0057.jpg 1 8 6 57 57
0922_0027_0005_0048_0048.jpg 1 27 5 48 48
0923_0020_0022_0066_0066.jpg 1 20 22 66 66
0924_0017_0029_0063_0063.jpg 1 17 29 63 63
0925_0005_0025_0064_0064.jpg 1 5 25 64 64
0926_0009_0028_0060_0060.jpg 1 9 28 60 60
0927_0021_0007_0063_0063.jpg 1 21 7 63 63
0928_0027_0021_0053_0053.jpg 1 27 21 53 53
0929_0014_0026_0058_0058.jpg 1 14 26 58 58
0930_0034_0016_0054_0054.jpg 1 34 16 54 54
0931_0011_0025_0062_0062.jpg 1 11 25 62 62
0932_0029_0029_0050_0050.jpg 1 29 29 50 50
0933_0010_0012_0050_0050.jpg 1 10 12 50 50
0934_0029_0007_0054_0054.jpg 1 29 7 54 54
0935_0030_0025_0058_0058.jpg 1 30 25 58 58
0936_0024_0015_0062_0062.jpg 1 24 15 62 62
0937_0029_0006_0050_0050.jpg 1 29 6 50 50
0938_0024_0026_0055_0055.jpg 1 24 26 55 55
0939_0029_0023_0056_0056.jpg 1 29 23 56 56
0940_0021_0018_0067_0067.jpg 1 21 18 67 67
0941_0018_0020_0048_0048.jpg 1 18 20 48 48
0942_0006_0026_0060_0060.jpg 1 6 26 60 60
0943_0006_0025_0051_0051.jpg 1 6 25 51 51
0944_0026_0037_0051_0051.jpg 1 26 37 51 51
0945_0029_0027_0059_0059.jpg 1 29 27 59 59
0946_0005_0007_0066_0066.jpg 1 5 7 66 66
0947_0004_0015_0067_0067.jpg 1 4 15 67 67
0948_0034_0021_0054_0054.jpg 1 34 21 54 54
0949_0037_0021_0049_0049.jpg 1 37 21 49 49
0950_0008_0017_0064_0064.jpg 1 8 17 64 64
0951_0012_0026_0064_0064.jpg 1 12 26 64 64
0952_0021_0012_0065_0065.jpg 1 21 12 65 65
0953_0015_0029_0057_0057.jpg 1 15 29 57 57
0954_0035_0034_0049_0049.jpg 1 35 34 49 49
0955_0016_0031_0060_0060.jpg 1 16 31 60 60
0956_0004_0031_0056_0056.jpg 1 4 31 56 56
0957_0029_0009_0062_0062.jpg 1 29 9 62 62
0958_0028_0005_0051_0051.jpg 1 28 5 51 51
0959_0034_0032_0052_0052.jpg 1 34 32 52 52
0960_0015_0017_0068_0068.jpg 1 15 17 68 68
0961_0022_0014_0052_0052.jpg 1 22 14 52 52
0962_0007_0038_0052_0052.jpg 1 7 38 52 52
0963_0007_0005_0066_0066.jpg 1 7 5 66 66
0964_0005_0029_0059_0059.jpg 1 5 29 59 59
0965_0030_0024_0055_0055.jpg 1 30 24 55 55
0966_0024_0009_0062_0062.jpg 1 24 9 62 62
0967_0018_0034_0053_0053.jpg 1 18 34 53 53
0968_0013_0037_0051_0051.jpg 1 13 37 51 51
0969_0013_0028_0050_0050.jpg 1 13 28 50 50
0970_0016_0027_0050_0050.jpg 1 16 27 50 50
0971_0003_0014_0066_0066.jpg 1 3 14 66 66
0972_0016_0007_0069_0069.jpg 1 16 7 69 69
0973_0013_0013_0058_0058.jpg 1 13 13 58 58
0974_0017_0021_0054_0054.jpg 1 17 21 54 54
0975_0011_0039_0050_0050.jpg 1 11 39 50 50
0976_0017_0019_0069_0069.jpg 1 17 19 69 69
0977_0026_0003_0067_0067.jpg 1 26 3 67 67
0978_0027_0027_0061_0061.jpg 1 27 27 61 61
0979_0007_0003_0069_0069.jpg 1 7 3 69 69
0980_0007_0017_0049_0049.jpg 1 7 17 49 49
0981_0007_0012_0068_0068.jpg 1 7 12 68 68
0982_0032_0040_0048_0048.jpg 1 32 40 48 48
0983_0024_0019_0058_0058.jpg 1 24 19 58 58
0984_0004_0009_0067_0067.jpg 1 4 9 67 67
0985_0028_0013_0064_0064.jpg 1 28 13 64 64
0986_0027_0011_0063_0063.jpg 1 27 11 63 63
0987_0019_0008_0069_0069.jpg 1 19 8 69 69
0988_0020_0020_0048_0048.jpg 1 20 20 48 48
0989_0017_0010_0068_0068.jpg 1 17 10 68 68
0990_0010_0035_0049_0049.jpg 1 10 35 49 49
0991_0026_0021_0063_0063.jpg 1 26 21 63 63
0992_0019_0032_0053_0053.jpg 1 19 32 53 53
0993_0021_0022_0066_0066.jpg 1 21 22 66 66
0994_0034_0026_0052_0052.jpg 1 34 26 52 52
0995_0007_0003_0067_0067.jpg 1 7 3 67 67
0996_0022_0019_0053_0053.jpg 1 22 19 53 53
0997_0020_0027_0051_0051.jpg 1 20 27 51 51
0998_0021_0019_0059_0059.jpg 1 21 19 59 59
0999_0006_0016_0057_0057.jpg 1 6 16 57 57
1000_0021_0011_0064_0064.jpg 1 21 11 64 64
1001_0022_0024_0052_0052.jpg 1 22 24 52 52
1002_0012_0009_0064_0064.jpg 1 12 9 64 64
1003_0012_0025_0064_0064.jpg 1 12 25 64 64
1004_0034_0005_0051_0051.jpg 1 34 5 51 51
1005_0017_0022_0060_0060.jpg 1 17 22 60 60
1006_0023_0013_0065_0065.jpg 1 23 13 65 65
1007_0019_0020_0064_0064.jpg 1 19 20 64 64
1008_0005_0010_0058_0058.jpg 1 5 10 58 58
1009_0034_0005_0051_0051.jpg 1 34 5 51 51
1010_0031_0012_0058_0058.jpg 1 31 12 58 58
1011_0012_0021_0065_0065.jpg 1 12 21 65 65
1012_0031_0007_0060_0060.jpg 1 31 7 60 60
1013_0018_0033_0049_0049.jpg 1 18 33 49 49
1014_0026_0013_0065_0065.jpg 1 26 13 65 65
1015_0005_0011_0048_0048.jpg 1 5 11 48 48
1016_0017_0017_0065_0065.jpg 1 17 17 65 65
1017_0017_0025_0050_0050.jpg 1 17 25 50 50
1018_0023_0023_0059_0059.jpg 1 23 23 59 59
1019_0008_0022_0060_0060.jpg 1 8 22 60 60
1020_0012_0011_0060_0060.jpg 1 12 11 60 60
1021_0021_0022_0050_0050.jpg 1 21 22 50 50
1022_0021_0014_0068_0068.jpg 1 21 14 68 68
1023_0005_0017_0063_0063.jpg 1 5 17 63 63
1024_0037_0009_0050_0050.jpg 1 37 9 50 50
1025_0025_0036_0052_0052.jpg 1 25 36 52 52
1026_0014_0008_0059_0059.jpg 1 14 8 59 59
1027_0015_0014_0057_0057.jpg 1 15 14 57 57
1028_0022_0025_0067_0067.jpg 1 22 25 67 67
1029_0021_0032_0054_0054.jpg 1 21 32 54 54
1030_0011_0003_0068_0068.jpg 1 11 3 68 68
1031_0039_0022_0050_0050.jpg 1 39 22 50 50
1032_0013_0015_0066_0066.jpg 1 13 15 66 66
1033_0024_0022_0057_0057.jpg 1 24 22 57 57
1034_0039_0024_0049_0049.jpg 1 39 24 49 49
1035_0013_0006_0069_0069.jpg 1 13 6 69 69
1036_0008_0024_0069_0069.jpg 1 8 24 69 69
1037_0028_0007_0052_0052.jpg 1 28 7 52 52
1038_0015_0004_0060_0060.jpg 1 15 4 60 60
1039_0010_0035_0050_0050.jpg 1 10 35 50 50
1040_0026_0022_0057_0057.jpg 1 26 22 57 57
1041_0025_0029_0060_0060.jpg 1 25 29 60 60
1042_0011_0015_0050_0050.jpg 1 11 15 50 50
1043_0007_0030_0051_0051.jpg 1 7 30 51 51
1044_0017_0009_0062_0062.jpg 1 17 9 62 62
1045_0018_0010_0060_0060.jpg 1 18 10 60 60
1046_0008_0030_0060_0060.jpg 1 8 30 60 60
1047_0011_0032_0056_0056.jpg 1 11 32 56 56
1048_0025_0017_0063_0063.jpg 1 25 17 63 63
1049_0018_0006_0065_0065.jpg 1 18 6 65 65
1050_0032_0007_0058_0058.jpg 1 32 7 58 58
1051_0024_0014_0069_0069.jpg 1 24 14 69 69
1052_0037_0027_0050_0050.jpg 1 37 27 50 50
1053_0025_0007_0053_0053.jpg 1 25 7 53 53
1054_0015_0010_0048_0048.jpg 1 15 10 48 48
1055_0027_0033_0054_0054.jpg 1 27 33 54 54
1056_0036_0016_0052_0052.jpg 1 36 16 52 52
1057_0032_0004_0058_0058.jpg 1 32 4 58 58
1058_0014_0011_0062_0062.jpg 1 14 11 62 62
1059_0021_0026_0062_0062.jpg 1 21 26 62 62
1060_0009_0016_0051_0051.jpg 1 9 16 51 51
1061_0009_0005_0065_0065.jpg 1 9 5 65 65
1062_0015_0003_0065_0065.jpg 1 15 3 65 65
1063_0029_0026_0052_0052.jpg 1 29 26 52 52
1064_0018_0021_0056_0056.jpg 1 18 21 56 56
1065_0007_0024_0050_0050.jpg 1 7 24 50 50
1066_0027_0024_0050_0050.jpg 1 27 24 50 50
1067_0010_0034_0055_0055.jpg 1 10 34 55 55
1068_0035_0013_0054_0054.jpg 1 35 13 54 54
1069_0018_0015_0062_0062.jpg 1 18 15 62 62
1070_0025_0022_0062_0062.jpg 1 25 22 62 62
1071_0017_0015_0065_0065.jpg 1 17 15 65 65
1072_0026_0035_0056_0056.jpg 1 26 35 56 56
1073_0027_0031_0060_0060.jpg 1 27 31 60 60
1074_0018_0004_0068_0068.jpg 1 18 4 68 68
1075_0032_0025_0059_0059.jpg 1 32 25 59 59
1076_0011_0006_0060_0060.jpg 1 11 6 60 60
1077_0024_0011_0066_0066.jpg 1 24 11 66 66
1078_0036_0025_0049_0049.jpg 1 36 25 49 49
1079_0008_0015_0064_0064.jpg 1 8 15 64 64
1080_0018_0008_0066_0066.jpg 1 18 8 66 66
1081_0005_0021_0066_0066.jpg 1 5 21 66 66
1082_0037_0023_0048_0048.jpg 1 37 23 48 48
1083_0026_0032_0059_0059.jpg 1 26 32 59 59
1084_0010_0016_0057_0057.jpg 1 10 16 57 57
1085_0004_0008_0066_0066.jpg 1 4 8 66 66
1086_0026_0009_0064_0064.jpg 1 26 9 64 64
1087_0024_0021_0067_0067.jpg 1 24 21 67 67
1088_0015_0020_0060_0060.jpg 1 15 20 60 60
1089_0005_0025_0062_0062.jpg 1 5 25 62 62
1090_0006_0034_0050_0050.jpg 1 6 34 50 50
1091_0008_0024_0066_0066.jpg 1 8 24 66 66
1092_0024_0029_0055_0055.jpg 1 24 29 55 55
1093_0027_0040_0048_0048.jpg 1 27 40 48 48
1094_0006_0029_0052_0052.jpg 1 6 29 52 52
1095_0014_0009_0055_0055.jpg 1 14 9 55 55
1096_0009_0025_0061_0061.jpg 1 9 25 61 61
1097_0019_0024_0066_0066.jpg 1 19 24 66 66
1098_0029_0020_0058_0058.jpg 1 29 20 58 58
1099_0024_0023_0061_0061.jpg 1 24 23 61 61
1100_0009_0024_0051_0051.jpg 1 9 24 51 51
1101_0005_0030_0053_0053.jpg 1 5 30 53 53
1102_0006_0010_0067_0067.jpg 1 6 10 67 67
1103_0006_0023_0056_0056.jpg 1 6 23 56 56
1104_0020_0008_0068_0068.jpg 1 20 8 68 68
1105_0014_0016_0063_0063.jpg 1 14 16 63 63
1106_0029_0012_0057_0057.jpg 1 29 12 57 57
1107_0019_0016_0061_0061.jpg 1 19 16 61 61
1108_0012_0032_0056_0056.jpg 1 12 32 56 56
1109_0019_0005_0064_0064.jpg 1 19 5 64 64
1110_0010_0035_0048_0048.jpg 1 10 35 48 48
1111_0019_0009_0058_0058.jpg 1 19 9 58 58
1112_0015_0017_0055_0055.jpg 1 15 17 55 55
1113_0025_0016_0060_0060.jpg 1 25 16 60 60
1114_0030_0019_0058_0058.jpg 1 30 19 58 58
1115_0015_0006_0064_0064.jpg 1 15 6 64 64
1116_0023_0026_0056_0056.jpg 1 23 26 56 56
1117_0028_0028_0059_0059.jpg 1 28 28 59 59
1118_0012_0012_0062_0062.jpg 1 12 12 62 62
1119_0022_0016_0060_0060.jpg 1 22 16 60 60
1120_0010_0027_0063_0063.jpg 1 10 27 63 63
1121_0022_0011_0066_0066.jpg 1 22 11 66 66
1122_0008_0007_0061_0061.jpg 1 8 7 61 61
1123_0004_0025_0067_0067.jpg 1 4 25 67 67
1124_0021_0008_0069_0069.jpg 1 21 8 69 69
1125_0005_0014_0068_0068.jpg 1 5 14 68 68
1126_0035_0036_0054_0054.jpg 1 35 36 54 54
1127_0004_0026_0056_0056.jpg 1 4 26 56 56
1128_0022_0005_0068_0068.jpg 1 22 5 68 68
1129_0012_0013_0051_0051.jpg 1 12 13 51 51
1130_0018_0020_0057_0057.jpg 1 18 20 57 57
1131_0005_0020_0064_0064.jpg 1 5 20 64 64
1132_0026_0019_0056_0056.jpg 1 26 19 56 56
1133_0009_0013_0056_0056.jpg 1 9 13 56 56
1134_0023_0005_0054_0054.jpg 1 23 5 54 54
1135_0013_0008_0066_0066.jpg 1 13 8 66 66
1136_0034_0020_0056_0056.jpg 1 34 20 56 56
1137_0006_0014_0052_0052.jpg 1 6 14 52 52
1138_0004_0007_0066_0066.jpg 1 4 7 66 66
1139_0021_0021_0048_0048.jpg 1 21 21 48 48
1140_0025_0026_0063_0063.jpg 1 25 26 63 63
1141_0024_0032_0051_0051.jpg 1 24 32 51 51
1142_0022_0013_0049_0049.jpg 1 22 13 49 49
1143_0009_0005_0062_0062.jpg 1 9 5 62 62
1144_0036_0031_0050_0050.jpg 1 36 31 50 50
1145_0027_0031_0052_0052.jpg 1 27 31 52 52
1146_0036_0031_0054_0054.jpg 1 36 31 54 54
1147_0022_0035_0055_0055.jpg 1 22 35 55 55
1148_0033_0014_0049_0049.jpg 1 33 14 49 49
1149_0022_0008_0066_0066.jpg 1 22 8 66 66
1150_0016_0018_0066_0066.jpg 1 16 18 66 66
1151_0022_0018_0066_0066.jpg 1 22 18 66 66
1152_0010_0008_0067_0067.jpg 1 10 8 67 67
1153_0018_0014_0052_0052.jpg 1 18 14 52 52
1154_0008_0004_0062_0062.jpg 1 8 4 62 62
1155_0010_0014_0066_0066.jpg 1 10 14 66 66
1156_0025_0023_0059_0059.jpg 1 25 23 59 59
1157_0008_0029_0059_0059.jpg 1 8 29 59 59
1158_0012_0029_0054_0054.jpg 1 12 29 54 54
1159_0020_0013_0062_0062.jpg 1 20 13 62 62
1160_0012_0036_0053_0053.jpg 1 12 36 53 53
1161_0017_0021_0053_0053.jpg 1 17 21 53 53
1162_0037_0025_0049_0049.jpg 1 37 25 49 49
1163_0018_0011_0069_0069.jpg 1 18 11 69 69
1164_0013_0009_0051_0051.jpg 1 13 9 51 51
1165_0012_0013_0060_0060.jpg 1 12 13 60 60
1166_0004_0022_0067_0067.jpg 1 4 22 67 67
1167_0021_0019_0058_0058.jpg 1 21 19 58 58
1168_0017_0018_0058_0058.jpg 1 17 18 58 58
1169_0030_0012_0048_0048.jpg 1 30 12 48 48
1170_0028_0025_0059_0059.jpg 1 28 25 59 59
1171_0003_0011_0065_0065.jpg 1 3 11 65 65
1172_0006_0018_0063_0063.jpg 1 6 18 63 63
1173_0027_0006_0055_0055.jpg 1 27 6 55 55
1174_0015_0004_0061_0061.jpg 1 15 4 61 61
1175_0019_0005_0062_0062.jpg 1 19 5 62 62
1176_0026_0012_0064_0064.jpg 1 26 12 64 64
1177_0004_0016_0067_0067.jpg 1 4 16 67 67
1178_0022_0025_0055_0055.jpg 1 22 25 55 55
1179_0005_0033_0054_0054.jpg 1 5 33 54 54
1180_0030_0025_0048_0048.jpg 1 30 25 48 48
1181_0034_0036_0054_0054.jpg 1 34 36 54 54
1182_0005_0020_0060_0060.jpg 1 5 20 60 60
1183_0019_0036_0049_0049.jpg 1 19 36 49 49
1184_0008_0037_0051_0051.jpg 1 8 37 51 51
1185_0009_0019_0067_0067.jpg 1 9 19 67 67
1186_0014_0035_0055_0055.jpg 1 14 35 55 55
1187_0005_0005_0051_0051.jpg 1 5 5 51 51
1188_0025_0027_0051_0051.jpg 1 25 27 51 51
1189_0018_0023_0066_0066.jpg 1 18 23 66 66
1190_0034_0028_0048_0048.jpg 1 34 28 48 48
1191_0031_0036_0049_0049.jpg 1 31 36 49 49
1192_0014_0017_0048_0048.jpg 1 14 17 48 48
1193_0012_0027_0048_0048.jpg 1 12 27 48 48
1194_0032_0013_0055_0055.jpg 1 32 13 55 55
1195_0034_0032_0052_0052.jpg 1 34 32 52 52
1196_0005_0007_0060_0060.jpg 1 5 7 60 60
1197_0007_0021_0058_0058.jpg 1 7 21 58 58
1198_0007_0014_0063_0063.jpg 1 7 14 63 63
1199_0011_0012_0054_0054.jpg 1 11 12 54 54
1200_0034_0015_0049_0049.jpg 1 34 15 49 49
1201_0015_0010_0054_0054.jpg 1 15 10 54 54
1202_0034_0033_0050_0050.jpg 1 34 33 50 50
1203_0021_0010_0066_0066.jpg 1 21 10 66 66
1204_0011_0019_0058_0058.jpg 1 11 19 58 58
1205_0017_0033_0050_0050.jpg 1 17 33 50 50
1206_0021_0005_0053_0053.jpg 1 21 5 53 53
1207_0022_0020_0063_0063.jpg 1 22 20 63 63
1208_0010_0009_0057_0057.jpg 1 10 9 57 57
1209_0024_0030_0061_0061.jpg 1 24 30 61 61
1210_0012_0011_0061_0061.jpg 1 12 11 61 61
1211_0033_0021_0050_0050.jpg 1 33 21 50 50
1212_0016_0031_0050_0050.jpg 1 16 31 50 50
1213_0020_0027_0062_0062.jpg 1 20 27 62 62
1214_0032_0012_0054_0054.jpg 1 32 12 54 54
1215_0007_0009_0060_0060.jpg 1 7 9 60 60
1216_0033_0031_0058_0058.jpg 1 33 31 58 58
1217_0014_0014_0057_0057.jpg 1 14 14 57 57
1218_0008_0008_0048_0048.jpg 1 8 8 48 48
1219_0014_0004_0059_0059.jpg 1 14 4 59 59
1220_0012_0008_0053_0053.jpg 1 12 8 53 53
1221_0011_0032_0052_0052.jpg 1 11 32 52 52
1222_0032_0022_0050_0050.jpg 1 32 22 50 50
1223_0012_0007_0068_0068.jpg 1 12 7 68 68
1224_0028_0030_0052_0052.jpg 1 28 30 52 52
1225_0027_0028_0052_0052.jpg 1 27 28 52 52
1226_0014_0020_0058_0058.jpg 1 14 20 58 58
1227_0033_0012_0055_0055.jpg 1 33 12 55 55
1228_0022_0004_0065_0065.jpg 1 22 4 65 65
1229_0005_0020_0053_0053.jpg 1 5 20 53 53
1230_0004_0005_0065_0065.jpg 1 4 5 65 65
1231_0024_0016_0060_0060.jpg 1 24 16 60 60
1232_0029_0026_0057_0057.jpg 1 29 26 57 57
1233_0010_0018_0049_0049.jpg 1 10 18 49 49
1234_0007_0012_0058_0058.jpg 1 7 12 58 58
1235_0009_0014_0062_0062.jpg 1 9 14 62 62
1236_0040_0020_0049_0049.jpg 1 40 20 49 49
1237_0009_0025_0057_0057.jpg 1 9 25 57 57
1238_0008_0009_0052_0052.jpg 1 8 9 52 52
1239_0004_0024_0064_0064.jpg 1 4 24 64 64
1240_0009_0012_0066_0066.jpg 1 9 12 66 66
1241_0036_0020_0054_0054.jpg 1 36 20 54 54
1242_0024_0031_0049_0049.jpg 1 24 31 49 49
1243_0024_0026_0051_0051.jpg 1 24 26 51 51
1244_0022_0022_0068_0068.jpg 1 22 22 68 68
1245_0014_0021_0048_0048.jpg 1 14 21 48 48
1246_0014_0017_0067_0067.jpg 1 14 17 67 67
1247_0016_0023_0057_0057.jpg 1 16 23 57 57
1248_0025_0022_0064_0064.jpg 1 25 22 64 64
1249_0016_0018_0051_0051.jpg 1 16 18 51 51
1250_0021_0005_0049_0049.jpg 1 21 5 49 49
1251_0019_0011_0053_0053.jpg 1 19 11 53 53
1252_0016_0027_0057_0057.jpg 1 16 27 57 57
1253_0027_0027_0060_0060.jpg 1 27 27 60 60
1254_0022_0015_0066_0066.jpg 1 22 15 66 66
1255_0020_0017_0063_0063.jpg 1 20 17 63 63
1256_0014_0023_0058_0058.jpg 1 14 23 58 58
1257_0010_0020_0062_0062.jpg 1 10 20 62 62
1258_0020_0011_0065_0065.jpg 1 20 11 65 65
1259_0011_0028_0053_0053.jpg 1 11 28 53 53
1260_0020_0009_0066_0066.jpg 1 20 9 66 66
1261_0035_0030_0054_0054.jpg 1 35 30 54 54
1262_0017_0019_0055_0055.jpg 1 17 19 55 55
1263_0017_0028_0064_0064.jpg 1 17 28 64 64
1264_0005_0022_0053_0053.jpg 1 5 22 53 53
1265_0003_0023_0065_0065.jpg 1 3 23 65 65
1266_0027_0026_0054_0054.jpg 1 27 26 54 54
1267_0021_0008_0058_0058.jpg 1 21 8 58 58
1268_0016_0021_0050_0050.jpg 1 16 21 50 50
1269_0011_0023_0069_0069.jpg 1 11 23 69 69
1270_0008_0023_0056_0056.jpg 1 8 23 56 56
1271_0022_0011_0059_0059.jpg 1 22 11 59 59
1272_0008_0016_0064_0064.jpg 1 8 16 64 64
1273_0019_0030_0058_0058.jpg 1 19 30 58 58
1274_0005_0012_0065_0065.jpg 1 5 12 65 65
1275_0005_0011_0062_0062.jpg 1 5 11 62 62
1276_0006_0030_0055_0055.jpg 1 6 30 55 55
1277_0010_0022_0058_0058.jpg 1 10 22 58 58
1278_0009_0009_0064_0064.jpg 1 9 9 64 64
1279_0008_0023_0059_0059.jpg 1 8 23 59 59
1280_0009_0007_0062_0062.jpg 1 9 7 62 62
1281_0007_0030_0060_0060.jpg 1 7 30 60 60
1282_0009_0009_0068_0068.jpg 1 9 9 68 68
1283_0005_0012_0066_0066.jpg 1 5 12 66 66
1284_0014_0015_0064_0064.jpg 1 14 15 64 64
1285_0010_0010_0069_0069.jpg 1 10 10 69 69
1286_0017_0025_0068_0068.jpg 1 17 25 68 68
1287_0014_0031_0051_0051.jpg 1 14 31 51 51
1288_0024_0024_0069_0069.jpg 1 24 24 69 69
1289_0010_0017_0067_0067.jpg 1 10 17 67 67
1290_0010_0019_0067_0067.jpg 1 10 19 67 67
1291_0018_0024_0054_0054.jpg 1 18 24 54 54
1292_0010_0008_0068_0068.jpg 1 10 8 68 68
1293_0007_0020_0062_0062.jpg 1 7 20 62 62
1294_0021_0019_0062_0062.jpg 1 21 19 62 62
1295_0025_0037_0053_0053.jpg 1 25 37 53 53
1296_0015_0020_0050_0050.jpg 1 15 20 50 50
1297_0025_0008_0065_0065.jpg 1 25 8 65 65
1298_0016_0016_0062_0062.jpg 1 16 16 62 62
1299_0012_0012_0050_0050.jpg 1 12 12 50 50
1300_0021_0008_0061_0061.jpg 1 21 8 61 61
1301_0020_0022_0066_0066.jpg 1 20 22 66 66
1302_0022_0009_0060_0060.jpg 1 22 9 60 60
1303_0030_0005_0054_0054.jpg 1 30 5 54 54
1304_0022_0030_0058_0058.jpg 1 22 30 58 58
1305_0018_0040_0048_0048.jpg 1 18 40 48 48
1306_0022_0028_0059_0059.jpg 1 22 28 59 59
1307_0034_0014_0052_0052.jpg 1 34 14 52 52
1308_0036_0011_0048_0048.jpg 1 36 11 48 48
1309_0009_0024_0055_0055.jpg 1 9 24 55 55
1310_0005_0021_0064_0064.jpg 1 5 21 64 64
1311_0007_0038_0051_0051.jpg 1 7 38 51 51
1312_0013_0016_0069_0069.jpg 1 13 16 69 69
1313_0018_0020_0067_0067.jpg 1 18 20 67 67
1314_0026_0031_0056_0056.jpg 1 26 31 56 56
1315_0027_0030_0049_0049.jpg 1 27 30 49 49
1316_0026_0013_0065_0065.jpg 1 26 13 65 65
1317_0019_0028_0056_0056.jpg 1 19 28 56 56
1318_0006_0015_0061_0061.jpg 1 6 15 61 61
1319_0004_0006_0068_0068.jpg 1 4 6 68 68
1320_0021_0009_0056_0056.jpg 1 21 9 56 56
1321_0030_0006_0051_0051.jpg 1 30 6 51 51
1322_0009_0015_0063_0063.jpg 1 9 15 63 63
1323_0022_0025_0058_0058.jpg 1 22 25 58 58
1324_0021_0017_0060_0060.jpg 1 21 17 60 60
1325_0005_0018_0058_0058.jpg 1 5 18 58 58
1326_0013_0010_0068_0068.jpg 1 13 10 68 68
1327_0030_0012_0052_0052.jpg 1 30 12 52 52
1328_0018_0013_0062_0062.jpg 1 18 13 62 62
1329_0035_0015_0053_0053.jpg 1 35 15 53 53
1330_0023_0022_0051_0051.jpg 1 23 22 51 51
1331_0010_0028_0048_0048.jpg 1 10 28 48 48
1332_0020_0016_0058_0058.jpg 1 20 16 58 58
1333_0034_0018_0054_0054.jpg 1 34 18 54 54
1334_0013_0025_0063_0063.jpg 1 13 25 63 63
1335_0008_0030_0059_0059.jpg 1 8 30 59 59
1336_0014_0011_0060_0060.jpg 1 14 11 60 60
1337_0016_0006_0065_0065.jpg 1 16 6 65 65
1338_0018_0013_0053_0053.jpg 1 18 13 53 53
1339_0012_0013_0057_0057.jpg 1 12 13 57 57
1340_0007_0007_0052_0052.jpg 1 7 7 52 52
1341_0010_0017_0051_0051.jpg 1 10 17 51 51
1342_0007_0005_0063_0063.jpg 1 7 5 63 63
1343_0019_0007_0051_0051.jpg 1 19 7 51 51
1344_0023_0007_0068_0068.jpg 1 23 7 68 68
1345_0005_0037_0052_0052.jpg 1 5 37 52 52
1346_0005_0004_0069_0069.jpg 1 5 4 69 69
1347_0009_0023_0063_0063.jpg 1 9 23 63 63
1348_0022_0023_0069_0069.jpg 1 22 23 69 69
1349_0007_0020_0068_0068.jpg 1 7 20 68 68
1350_0017_0003_0064_0064.jpg 1 17 3 64 64
1351_0017_0005_0056_0056.jpg 1 17 5 56 56
1352_0027_0026_0051_0051.jpg 1 27 26 51 51
1353_0021_0017_0061_0061.jpg 1 21 17 61 61
1354_0022_0011_0050_0050.jpg 1 22 11 50 50
1355_0014_0011_0063_0063.jpg 1 14 11 63 63
1356_0026_0009_0067_0067.jpg 1 26 9 67 67
1357_0027_0020_0053_0053.jpg 1 27 20 53 53
1358_0035_0021_0053_0053.jpg 1 35 21 53 53
1359_0023_0036_0049_0049.jpg 1 23 36 49 49
1360_0023_0025_0059_0059.jpg 1 23 25 59 59
1361_0036_0023_0052_0052.jpg 1 36 23 52 52
1362_0010_0015_0064_0064.jpg 1 10 15 64 64
1363_0033_0030_0055_0055.jpg 1 33 30 55 55
1364_0023_0019_0068_0068.jpg 1 23 19 68 68
1365_0025_0022_0063_0063.jpg 1 25 22 63 63
1366_0011_0028_0052_0052.jpg 1 11 28 52 52
1367_0009_0019_0062_0062.jpg 1 9 19 62 62
1368_0006_0013_0064_0064.jpg 1 6 13 64 64
1369_0012_0006_0055_0055.jpg 1 12 6 55 55
1370_0008_0024_0062_0062.jpg 1 8 24 62 62
1371_0017_0032_0056_0056.jpg 1 17 32 56 56
1372_0008_0033_0056_0056.jpg 1 8 33 56 56
1373_0007_0015_0055_0055.jpg 1 7 15 55 55
1374_0025_0037_0048_0048.jpg 1 25 37 48 48
1375_0020_0007_0054_0054.jpg 1 20 7 54 54
1376_0023_0017_0058_0058.jpg 1 23 17 58 58
1377_0007_0018_0049_0049.jpg 1 7 18 49 49
1378_0009_0018_0065_0065.jpg 1 9 18 65 65
1379_0011_0016_0064_0064.jpg 1 11 16 64 64
1380_0018_0007_0050_0050.jpg 1 18 7 50 50
1381_0014_0020_0062_0062.jpg 1 14 20 62 62
1382_0018_0011_0065_0065.jpg 1 18 11 65 65
1383_0018_0018_0062_0062.jpg 1 18 18 62 62
1384_0019_0023_0068_0068.jpg 1 19 23 68 68
1385_0013_0021_0067_0067.jpg 1 13 21 67 67
1386_0013_0013_0055_0055.jpg 1 13 13 55 55
1387_0007_0010_0060_0060.jpg 1 7 10 60 60
1388_0006_0025_0051_0051.jpg 1 6 25 51 51
1389_0016_0004_0066_0066.jpg 1 16 4 66 66
1390_0018_0016_0063_0063.jpg 1 18 16 63 63
1391_0004_0021_0066_0066.jpg 1 4 21 66 66
1392_0020_0023_0068_0068.jpg 1 20 23 68 68
1393_0017_0007_0062_0062.jpg 1 17 7 62 62
1394_0015_0009_0065_0065.jpg 1 15 9 65 65
1395_0006_0007_0060_0060.jpg 1 6 7 60 60
1396_0009_0031_0060_0060.jpg 1 9 31 60 60
1397_0020_0021_0058_0058.jpg 1 20 21 58 58
1398_0010_0032_0056_0056.jpg 1 10 32 56 56
1399_0004_0024_0067_0067.jpg 1 4 24 67 67
1400_0024_0009_0054_0054.jpg 1 24 9 54 54
1401_0025_0021_0067_0067.jpg 1 25 21 67 67
1402_0021_0014_0061_0061.jpg 1 21 14 61 61
1403_0032_0017_0053_0053.jpg 1 32 17 53 53
1404_0024_0011_0059_0059.jpg 1 24 11 59 59
1405_0022_0010_0061_0061.jpg 1 22 10 61 61
1406_0015_0006_0067_0067.jpg 1 15 6 67 67
1407_0021_0018_0065_0065.jpg 1 21 18 65 65
1408_0024_0020_0055_0055.jpg 1 24 20 55 55
1409_0034_0027_0055_0055.jpg 1 34 27 55 55
1410_0017_0003_0066_0066.jpg 1 17 3 66 66
1411_0036_0026_0051_0051.jpg 1 36 26 51 51
1412_0023_0022_0053_0053.jpg 1 23 22 53 53
1413_0020_0010_0055_0055.jpg 1 20 10 55 55
1414_0006_0016_0064_0064.jpg 1 6 16 64 64
1415_0023_0024_0068_0068.jpg 1 23 24 68 68
1416_0014_0004_0060_0060.jpg 1 14 4 60 60
1417_0011_0024_0066_0066.jpg 1 11 24 66 66
1418_0006_0015_0058_0058.jpg 1 6 15 58 58
1419_0017_0019_0069_0069.jpg 1 17 19 69 69
1420_0033_0016_0057_0057.jpg 1 33 16 57 57
1421_0037_0031_0050_0050.jpg 1 37 31 50 50
1422_0008_0021_0063_0063.jpg 1 8 21 63 63
1423_0022_0019_0055_0055.jpg 1 22 19 55 55
1424_0033_0037_0051_0051.jpg 1 33 37 51 51
1425_0023_0020_0057_0057.jpg 1 23 20 57 57
1426_0027_0024_0055_0055.jpg 1 27 24 55 55
1427_0020_0004_0060_0060.jpg 1 20 4 60 60
1428_0014_0032_0057_0057.jpg 1 14 32 57 57
1429_0034_0022_0052_0052.jpg 1 34 22 52 52
1430_0009_0022_0056_0056.jpg 1 9 22 56 56
1431_0016_0030_0059_0059.jpg 1 16 30 59 59
1432_0011_0017_0053_0053.jpg 1 11 17 53 53
1433_0016_0004_0063_0063.jpg 1 16 4 63 63
1434_0027_0015_0064_0064.jpg 1 27 15 64 64
1435_0020_0026_0066_0066.jpg 1 20 26 66 66
1436_0023_0027_0054_0054.jpg 1 23 27 54 54
1437_0033_0041_0048_0048.jpg 1 33 41 48 48
1438_0017_0008_0063_0063.jpg 1 17 8 63 63
1439_0029_0017_0063_0063.jpg 1 29 17 63 63
1440_0025_0009_0067_0067.jpg 1 25 9 67 67
1441_0003_0014_0062_0062.jpg 1 3 14 62 62
1442_0022_0011_0067_0067.jpg 1 22 11 67 67
1443_0021_0020_0066_0066.jpg 1 21 20 66 66
1444_0034_0013_0049_0049.jpg 1 34 13 49 49
1445_0017_0006_0048_0048.jpg 1 17 6 48 48
1446_0005_0013_0058_0058.jpg 1 5 13 58 58
1447_0019_0011_0057_0057.jpg 1 19 11 57 57
1448_0004_0006_0058_0058.jpg 1 4 6 58 58
1449_0027_0014_0061_0061.jpg 1 27 14 61 61
1450_0027_0027_0054_0054.jpg 1 27 27 54 54
1451_0006_0004_0065_0065.jpg 1 6 4 65 65
1452_0019_0012_0067_0067.jpg 1 19 12 67 67
1453_0020_0014_0051_0051.jpg 1 20 14 51 51
1454_0023_0031_0053_0053.jpg 1 23 31 53 53
1455_0022_0012_0066_0066.jpg 1 22 12 66 66
1456_0030_0028_0050_0050.jpg 1 30 28 50 50
1457_0028_0006_0063_0063.jpg 1 28 6 63 63
1458_0007_0019_0050_0050.jpg 1 7 19 50 50
1459_0019_0011_0066_0066.jpg 1 19 11 66 66
1460_0012_0020_0058_0058.jpg 1 12 20 58 58
1461_0017_0027_0059_0059.jpg 1 17 27 59 59
1462_0007_0031_0054_0054.jpg 1 7 31 54 54
1463_0021_0020_0054_0054.jpg 1 21 20 54 54
1464_0016_0016_0064_0064.jpg 1 16 16 64 64
1465_0026_0008_0051_0051.jpg 1 26 8 51 51
1466_0027_0006_0064_0064.jpg 1 27 6 64 64
1467_0018_0021_0059_0059.jpg 1 18 21 59 59
1468_0030_0017_0059_0059.jpg 1 30 17 59 59
1469_0028_0031_0057_0057.jpg 1 28 31 57 57
1470_0030_0009_0053_0053.jpg 1 30 9 53 53
1471_0020_0025_0059_0059.jpg 1 20 25 59 59
1472_0018_0009_0063_0063.jpg 1 18 9 63 63
1473_0029_0033_0048_0048.jpg 1 29 33 48 48
1474_0011_0008_0066_0066.jpg 1 11 8 66 66
1475_0029_0023_0052_0052.jpg 1 29 23 52 52
1476_0018_0011_0060_0060.jpg 1 18 11 60 60
1477_0013_0014_0048_0048.jpg 1 13 14 48 48
1478_0014_0015_0050_0050.jpg 1 14 15 50 50
1479_0023_0013_0066_0066.jpg 1 23 13 66 66
1480_0010_0019_0054_0054.jpg 1 10 19 54 54
1481_0017_0012_0068_0068.jpg 1 17 12 68 68
1482_0039_0032_0051_0051.jpg 1 39 32 51 51
1483_0022_0004_0056_0056.jpg 1 22 4 56 56
1484_0012_0027_0050_0050.jpg 1 12 27 50 50
1485_0009_0005_0061_0061.jpg 1 9 5 61 61
1486_0010_0010_0049_0049.jpg 1 10 10 49 49
1487_0005_0005_0062_0062.jpg 1 5 5 62 62
1488_0022_0022_0063_0063.jpg 1 22 22 63 63
1489_0016_0009_0058_0058.jpg 1 16 9 58 58
1490_0008_0011_0057_0057.jpg 1 8 11 57 57
1491_0022_0019_0052_0052.jpg 1 22 19 52 52
1492_0016_0015_0064_0064.jpg 1 16 15 64 64
1493_0006_0011_0065_0065.jpg 1 6 11 65 65
1494_0024_0016_0053_0053.jpg 1 24 16 53 53
1495_0021_0024_0059_0059.jpg 1 21 24 59 59
1496_0026_0020_0063_0063.jpg 1 26 20 63 63
1497_0006_0032_0057_0057.jpg 1 6 32 57 57
1498_0033_0032_0053_0053.jpg 1 33 32 53 53
1499_0030_0029_0053_0053.jpg 1 30 29 53 53
1500_0012_0004_0064_0064.jpg 1 12 4 64 64
1501_0009_0017_0050_0050.jpg 1 9 17 50 50
1502_0016_0024_0065_0065.jpg 1 16 24 65 65
1503_0029_0021_0060_0060.jpg 1 29 21 60 60
1504_0008_0008_0057_0057.jpg 1 8 8 57 57
1505_0007_0024_0065_0065.jpg 1 7 24 65 65
1506_0025_0035_0053_0053.jpg 1 25 35 53 53
1507_0012_0015_0064_0064.jpg 1 12 15 64 64
1508_0014_0018_0064_0064.jpg 1 14 18 64 64
1509_0006_0009_0052_0052.jpg 1 6 9 52 52
1510_0006_0009_0056_0056.jpg 1 6 9 56 56
1511_0004_0014_0069_0069.jpg 1 4 14 69 69
1512_0017_0004_0067_0067.jpg 1 17 4 67 67
1513_0031_0021_0052_0052.jpg 1 31 21 52 52
1514_0023_0026_0063_0063.jpg 1 23 26 63 63
1515_0009_0009_0058_0058.jpg 1 9 9 58 58
1516_0034_0008_0050_0050.jpg 1 34 8 50 50
1517_0031_0025_0057_0057.jpg 1 31 25 57 57
1518_0017_0027_0062_0062.jpg 1 17 27 62 62
1519_0028_0026_0060_0060.jpg 1 28 26 60 60
1520_0005_0027_0065_0065.jpg 1 5 27 65 65
1521_0008_0008_0056_0056.jpg 1 8 8 56 56
1522_0019_0032_0051_0051.jpg 1 19 32 51 51
1523_0014_0025_0055_0055.jpg 1 14 25 55 55
1524_0027_0031_0055_0055.jpg 1 27 31 55 55
1525_0034_0007_0054_0054.jpg 1 34 7 54 54
1526_0020_0011_0052_0052.jpg 1 20 11 52 52
1527_0006_0011_0066_0066.jpg 1 6 11 66 66
1528_0033_0030_0052_0052.jpg 1 33 30 52 52
1529_0020_0008_0066_0066.jpg 1 20 8 66 66
1530_0007_0028_0059_0059.jpg 1 7 28 59 59
1531_0033_0006_0057_0057.jpg 1 33 6 57 57
1532_0011_0008_0056_0056.jpg 1 11 8 56 56
1533_0025_0017_0056_0056.jpg 1 25 17 56 56
1534_0011_0005_0065_0065.jpg 1 11 5 65 65
1535_0010_0015_0056_0056.jpg 1 10 15 56 56
1536_0005_0010_0064_0064.jpg 1 5 10 64 64
1537_0004_0004_0064_0064.jpg 1 4 4 64 64
1538_0013_0016_0068_0068.jpg 1 13 16 68 68
1539_0016_0014_0065_0065.jpg 1 16 14 65 65
1540_0010_0010_0056_0056.jpg 1 10 10 56 56
1541_0030_0005_0056_0056.jpg 1 30 5 56 56
1542_0024_0016_0063_0063.jpg 1 24 16 63 63
1543_0024_0008_0048_0048.jpg 1 24 8 48 48
1544_0011_0024_0063_0063.jpg 1 11 24 63 63
1545_0026_0034_0050_0050.jpg 1 26 34 50 50
1546_0030_0012_0059_0059.jpg 1 30 12 59 59
1547_0013_0022_0068_0068.jpg 1 13 22 68 68
1548_0009_0007_0059_0059.jpg 1 9 7 59 59
1549_0022_0027_0061_0061.jpg 1 22 27 61 61
1550_0004_0004_0069_0069.jpg 1 4 4 69 69
1551_0011_0015_0063_0063.jpg 1 11 15 63 63
1552_0007_0023_0054_0054.jpg 1 7 23 54 54
1553_0025_0019_0068_0068.jpg 1 25 19 68 68
1554_0020_0022_0054_0054.jpg 1 20 22 54 54
1555_0028_0023_0048_0048.jpg 1 28 23 48 48
1556_0018_0006_0068_0068.jpg 1 18 6 68 68
1557_0026_0019_0062_0062.jpg 1 26 19 62 62
1558_0028_0007_0062_0062.jpg 1 28 7 62 62
1559_0019_0004_0068_0068.jpg 1 19 4 68 68
1560_0013_0023_0068_0068.jpg 1 13 23 68 68
1561_0017_0015_0066_0066.jpg 1 17 15 66 66
1562_0027_0026_0065_0065.jpg 1 27 26 65 65
1563_0026_0023_0055_0055.jpg 1 26 23 55 55
1564_0022_0013_0063_0063.jpg 1 22 13 63 63
1565_0016_0021_0063_0063.jpg 1 16 21 63 63
1566_0030_0013_0061_0061.jpg 1 30 13 61 61
1567_0015_0013_0053_0053.jpg 1 15 13 53 53
1568_0018_0030_0052_0052.jpg 1 18 30 52 52
1569_0012_0034_0056_0056.jpg 1 12 34 56 56
1570_0026_0033_0049_0049.jpg 1 26 33 49 49
1571_0009_0015_0056_0056.jpg 1 9 15 56 56
1572_0006_0008_0068_0068.jpg 1 6 8 68 68
1573_0015_0029_0051_0051.jpg 1 15 29 51 51
1574_0015_0004_0058_0058.jpg 1 15 4 58 58
1575_0016_0020_0052_0052.jpg 1 16 20 52 52
1576_0016_0015_0052_0052.jpg 1 16 15 52 52
1577_0010_0017_0066_0066.jpg 1 10 17 66 66
1578_0014_0032_0050_0050.jpg 1 14 32 50 50
1579_0005_0029_0058_0058.jpg 1 5 29 58 58
1580_0015_0016_0056_0056.jpg 1 15 16 56 56
1581_0016_0005_0066_0066.jpg 1 16 5 66 66
1582_0013_0023_0068_0068.jpg 1 13 23 68 68
1583_0005_0006_0066_0066.jpg 1 5 6 66 66
1584_0007_0030_0052_0052.jpg 1 7 30 52 52
1585_0020_0007_0064_0064.jpg 1 20 7 64 64
1586_0011_0019_0059_0059.jpg 1 11 19 59 59
1587_0027_0025_0065_0065.jpg 1 27 25 65 65
1588_0028_0004_0056_0056.jpg 1 28 4 56 56
1589_0024_0023_0058_0058.jpg 1 24 23 58 58
1590_0008_0005_0057_0057.jpg 1 8 5 57 57
1591_0013_0005_0051_0051.jpg 1 13 5 51 51
1592_0004_0017_0063_0063.jpg 1 4 17 63 63
1593_0029_0004_0060_0060.jpg 1 29 4 60 60
1594_0035_0022_0050_0050.jpg 1 35 22 50 50
1595_0029_0012_0059_0059.jpg 1 29 12 59 59
1596_0017_0017_0063_0063.jpg 1 17 17 63 63
1597_0025_0023_0060_0060.jpg 1 25 23 60 60
1598_0009_0030_0061_0061.jpg 1 9 30 61 61
1599_0008_0016_0069_0069.jpg 1 8 16 69 69
1600_0007_0017_0060_0060.jpg 1 7 17 60 60
1601_0022_0008_0051_0051.jpg 1 22 8 51 51
1602_0008_0017_0068_0068.jpg 1 8 17 68 68
1603_0024_0016_0056_0056.jpg 1 24 16 56 56
1604_0025_0005_0060_0060.jpg 1 25 5 60 60
1605_0013_0024_0069_0069.jpg 1 13 24 69 69
1606_0031_0032_0055_0055.jpg 1 31 32 55 55
1607_0007_0022_0065_0065.jpg 1 7 22 65 65
1608_0011_0011_0060_0060.jpg 1 11 11 60 60
1609_0013_0005_0060_0060.jpg 1 13 5 60 60
1610_0035_0028_0055_0055.jpg 1 35 28 55 55
1611_0005_0021_0049_0049.jpg 1 5 21 49 49
1612_0008_0026_0056_0056.jpg 1 8 26 56 56
1613_0006_0005_0067_0067.jpg 1 6 5 67 67
1614_0013_0016_0061_0061.jpg 1 13 16 61 61
1615_0006_0016_0051_0051.jpg 1 6 16 51 51
1616_0005_0009_0059_0059.jpg 1 5 9 59 59
1617_0011_0007_0061_0061.jpg 1 11 7 61 61
1618_0019_0022_0067_0067.jpg 1 19 22 67 67
1619_0018_0004_0062_0062.jpg 1 18 4 62 62
1620_0033_0012_0053_0053.jpg 1 33 12 53 53
1621_0038_0034_0049_0049.jpg 1 38 34 49 49
1622_0020_0011_0051_0051.jpg 1 20 11 51 51
1623_0013_0006_0062_0062.jpg 1 13 6 62 62
1624_0036_0006_0053_0053.jpg 1 36 6 53 53
1625_0017_0021_0066_0066.jpg 1 17 21 66 66
1626_0012_0013_0049_0049.jpg 1 12 13 49 49
1627_0021_0035_0048_0048.jpg 1 21 35 48 48
1628_0021_0013_0050_0050.jpg 1 21 13 50 50
1629_0019_0006_0056_0056.jpg 1 19 6 56 56
1630_0024_0007_0050_0050.jpg 1 24 7 50 50
1631_0019_0008_0057_0057.jpg 1 19 8 57 57
1632_0022_0016_0052_0052.jpg 1 22 16 52 52
1633_0025_0020_0052_0052.jpg 1 25 20 52 52
1634_0004_0017_0061_0061.jpg 1 4 17 61 61
1635_0024_0010_0064_0064.jpg 1 24 10 64 64
1636_0008_0032_0057_0057.jpg 1 8 32 57 57
1637_0022_0018_0061_0061.jpg 1 22 18 61 61
1638_0029_0034_0049_0049.jpg 1 29 34 49 49
1639_0006_0034_0057_0057.jpg 1 6 34 57 57
1640_0016_0031_0060_0060.jpg 1 16 31 60 60
1641_0020_0010_0065_0065.jpg 1 20 10 65 65
1642_0005_0027_0061_0061.jpg 1 5 27 61 61
1643_0020_0024_0059_0059.jpg 1 20 24 59 59
1644_0028_0018_0059_0059.jpg 1 28 18 59 59
1645_0006_0031_0052_0052.jpg 1 6 31 52 52
1646_0007_0009_0052_0052.jpg 1 7 9 52 52
1647_0008_0028_0050_0050.jpg 1 8 28 50 50
1648_0020_0026_0064_0064.jpg 1 20 26 64 64
1649_0022_0008_0056_0056.jpg 1 22 8 56 56
1650_0026_0019_0056_0056.jpg 1 26 19 56 56
1651_0023_0008_0067_0067.jpg 1 23 8 67 67
1652_0029_0006_0057_0057.jpg 1 29 6 57 57
1653_0004_0022_0062_0062.jpg 1 4 22 62 62
1654_0007_0012_0061_0061.jpg 1 7 12 61 61
1655_0033_0019_0052_0052.jpg 1 33 19 52 52
1656_0020_0005_0061_0061.jpg 1 20 5 61 61
1657_0026_0020_0064_0064.jpg 1 26 20 64 64
1658_0014_0026_0058_0058.jpg 1 14 26 58 58
1659_0016_0010_0063_0063.jpg 1 16 10 63 63
1660_0013_0018_0066_0066.jpg 1 13 18 66 66
1661_0034_0037_0048_0048.jpg 1 34 37 48 48
1662_0037_0025_0051_0051.jpg 1 37 25 51 51
1663_0029_0013_0048_0048.jpg 1 29 13 48 48
1664_0022_0031_0057_0057.jpg 1 22 31 57 57
1665_0012_0016_0061_0061.jpg 1 12 16 61 61
1666_0009_0029_0059_0059.jpg 1 9 29 59 59
1667_0022_0024_0063_0063.jpg 1 22 24 63 63
1668_0025_0037_0049_0049.jpg 1 25 37 49 49
1669_0006_0009_0054_0054.jpg 1 6 9 54 54
1670_0013_0009_0057_0057.jpg 1 13 9 57 57
1671_0015_0010_0058_0058.jpg 1 15 10 58 58
1672_0016_0014_0060_0060.jpg 1 16 14 60 60
1673_0020_0005_0051_0051.jpg 1 20 5 51 51
1674_0005_0005_0054_0054.jpg 1 5 5 54 54
1675_0027_0028_0050_0050.jpg 1 27 28 50 50
1676_0020_0022_0056_0056.jpg 1 20 22 56 56
1677_0012_0023_0055_0055.jpg 1 12 23 55 55
1678_0018_0012_0053_0053.jpg 1 18 12 53 53
1679_0014_0008_0061_0061.jpg 1 14 8 61 61
1680_0014_0018_0059_0059.jpg 1 14 18 59 59
1681_0023_0015_0063_0063.jpg 1 23 15 63 63
1682_0020_0011_0066_0066.jpg 1 20 11 66 66
1683_0013_0027_0065_0065.jpg 1 13 27 65 65
1684_0024_0025_0066_0066.jpg 1 24 25 66 66
1685_0032_0012_0050_0050.jpg 1 32 12 50 50
1686_0035_0016_0051_0051.jpg 1 35 16 51 51
1687_0009_0027_0056_0056.jpg 1 9 27 56 56
1688_0005_0018_0060_0060.jpg 1 5 18 60 60
1689_0020_0006_0063_0063.jpg 1 20 6 63 63
1690_0017_0011_0057_0057.jpg 1 17 11 57 57
1691_0006_0016_0065_0065.jpg 1 6 16 65 65
1692_0018_0016_0048_0048.jpg 1 18 16 48 48
1693_0026_0020_0055_0055.jpg 1 26 20 55 55
1694_0007_0007_0056_0056.jpg 1 7 7 56 56
1695_0026_0025_0059_0059.jpg 1 26 25 59 59
1696_0030_0021_0061_0061.jpg 1 30 21 61 61
1697_0019_0004_0064_0064.jpg 1 19 4 64 64
1698_0014_0018_0060_0060.jpg 1 14 18 60 60
1699_0010_0037_0051_0051.jpg 1 10 37 51 51
1700_0025_0027_0056_0056.jpg 1 25 27 56 56
1701_0012_0031_0060_0060.jpg 1 12 31 60 60
1702_0036_0014_0052_0052.jpg 1 36 14 52 52
1703_0033_0014_0057_0057.jpg 1 33 14 57 57
1704_0029_0023_0063_0063.jpg 1 29 23 63 63
1705_0005_0020_0057_0057.jpg 1 5 20 57 57
1706_0023_0014_0068_0068.jpg 1 23 14 68 68
1707_0027_0025_0064_0064.jpg 1 27 25 64 64
1708_0021_0005_0062_0062.jpg 1 21 5 62 62
1709_0019_0017_0069_0069.jpg 1 19 17 69 69
1710_0010_0007_0069_0069.jpg 1 10 7 69 69
1711_0024_0012_0064_0064.jpg 1 24 12 64 64
1712_0028_0011_0055_0055.jpg 1 28 11 55 55
1713_0021_0016_0066_0066.jpg 1 21 16 66 66
1714_0018_0007_0063_0063.jpg 1 18 7 63 63
1715_0024_0005_0055_0055.jpg 1 24 5 55 55
1716_0007_0020_0068_0068.jpg 1 7 20 68 68
1717_0018_0024_0057_0057.jpg 1 18 24 57 57
1718_0005_0024_0065_0065.jpg 1 5 24 65 65
1719_0017_0017_0068_0068.jpg 1 17 17 68 68
1720_0008_0026_0066_0066.jpg 1 8 26 66 66
1721_0015_0009_0063_0063.jpg 1 15 9 63 63
1722_0014_0022_0069_0069.jpg 1 14 22 69 69
1723_0020_0004_0057_0057.jpg 1 20 4 57 57
1724_0022_0019_0069_0069.jpg 1 22 19 69 69
1725_0013_0032_0057_0057.jpg 1 13 32 57 57
1726_0037_0036_0048_0048.jpg 1 37 36 48 48
1727_0019_0005_0068_0068.jpg 1 19 5 68 68
1728_0025_0030_0054_0054.jpg 1 25 30 54 54
1729_0034_0034_0056_0056.jpg 1 34 34 56 56
1730_0024_0009_0058_0058.jpg 1 24 9 58 58
1731_0035_0018_0048_0048.jpg 1 35 18 48 48
1732_0008_0007_0067_0067.jpg 1 8 7 67 67
1733_0008_0027_0052_0052.jpg 1 8 27 52 52
1734_0023_0023_0058_0058.jpg 1 23 23 58 58
1735_0003_0011_0069_0069.jpg 1 3 11 69 69
1736_0019_0026_0057_0057.jpg 1 19 26 57 57
1737_0020_0008_0066_0066.jpg 1 20 8 66 66
1738_0017_0024_0067_0067.jpg 1 17 24 67 67
1739_0021_0014_0058_0058.jpg 1 21 14 58 58
1740_0023_0029_0050_0050.jpg 1 23 29 50 50
1741_0025_0023_0054_0054.jpg 1 25 23 54 54
1742_0029_0016_0058_0058.jpg 1 29 16 58 58
1743_0021_0025_0049_0049.jpg 1 21 25 49 49
1744_0020_0015_0064_0064.jpg 1 20 15 64 64
1745_0011_0014_0051_0051.jpg 1 11 14 51 51
1746_0009_0009_0050_0050.jpg 1 9 9 50 50
1747_0026_0023_0058_0058.jpg 1 26 23 58 58
1748_0026_0030_0058_0058.jpg 1 26 30 58 58
1749_0021_0024_0053_0053.jpg 1 21 24 53 53
1750_0006_0013_0054_0054.jpg 1 6 13 54 54
1751_0022_0028_0050_0050.jpg 1 22 28 50 50
1752_0023_0024_0068_0068.jpg 1 23 24 68 68
1753_0003_0016_0068_0068.jpg 1 3 16 68 68
1754_0019_0012_0060_0060.jpg 1 19 12 60 60
1755_0004_0008_0063_0063.jpg 1 4 8 63 63
1756_0020_0012_0056_0056.jpg 1 20 12 56 56
1757_0033_0018_0056_0056.jpg 1 33 18 56 56
1758_0020_0014_0064_0064.jpg 1 20 14 64 64
1759_0037_0027_0051_0051.jpg 1 37 27 51 51
1760_0026_0024_0049_0049.jpg 1 26 24 49 49
1761_0018_0009_0058_0058.jpg 1 18 9 58 58
1762_0015_0017_0068_0068.jpg 1 15 17 68 68
1763_0012_0034_0050_0050.jpg 1 12 34 50 50
1764_0014_0020_0055_0055.jpg 1 14 20 55 55
1765_0027_0037_0050_0050.jpg 1 27 37 50 50
1766_0023_0012_0063_0063.jpg 1 23 12 63 63
1767_0027_0025_0058_0058.jpg 1 27 25 58 58
1768_0015_0013_0058_0058.jpg 1 15 13 58 58
1769_0021_0023_0063_0063.jpg 1 21 23 63 63
1770_0004_0005_0066_0066.jpg 1 4 5 66 66
1771_0021_0014_0066_0066.jpg 1 21 14 66 66
1772_0019_0009_0064_0064.jpg 1 19 9 64 64
1773_0016_0006_0066_0066.jpg 1 16 6 66 66
1774_0005_0007_0064_0064.jpg 1 5 7 64 64
1775_0005_0029_0052_0052.jpg 1 5 29 52 52
1776_0006_0026_0066_0066.jpg 1 6 26 66 66
1777_0034_0018_0048_0048.jpg 1 34 18 48 48
1778_0016_0007_0057_0057.jpg 1 16 7 57 57
1779_0005_0032_0059_0059.jpg 1 5 32 59 59
1780_0011_0020_0049_0049.jpg 1 11 20 49 49
1781_0011_0025_0051_0051.jpg 1 11 25 51 51
1782_0029_0004_0060_0060.jpg 1 29 4 60 60
1783_0009_0030_0052_0052.jpg 1 9 30 52 52
1784_0039_0034_0050_0050.jpg 1 39 34 50 50
1785_0020_0013_0068_0068.jpg 1 20 13 68 68
1786_0021_0024_0055_0055.jpg 1 21 24 55 55
1787_0019_0020_0066_0066.jpg 1 19 20 66 66
1788_0007_0005_0055_0055.jpg 1 7 5 55 55
1789_0019_0023_0066_0066.jpg 1 19 23 66 66
1790_0005_0015_0065_0065.jpg 1 5 15 65 65
1791_0011_0006_0064_0064.jpg 1 11 6 64 64
1792_0025_0005_0068_0068.jpg 1 25 5 68 68
1793_0011_0005_0065_0065.jpg 1 11 5 65 65
1794_0005_0018_0061_0061.jpg 1 5 18 61 61
1795_0029_0015_0061_0061.jpg 1 29 15 61 61
1796_0024_0008_0064_0064.jpg 1 24 8 64 64
1797_0008_0022_0058_0058.jpg 1 8 22 58 58
1798_0009_0010_0054_0054.jpg 1 9 10 54 54
1799_0014_0019_0068_0068.jpg 1 14 19 68 68
1800_0025_0013_0049_0049.jpg 1 25 13 49 49
